#
# There is insufficient memory for the Java Runtime Environment to continue.
# Native memory allocation (malloc) failed to allocate 1193216 bytes. Error detail: Chunk::new
# Possible reasons:
#   The system is out of physical RAM or swap space
#   This process is running with CompressedOops enabled, and the Java Heap may be blocking the growth of the native heap
# Possible solutions:
#   Reduce memory load on the system
#   Increase physical memory or swap space
#   Check if swap backing store is full
#   Decrease Java heap size (-Xmx/-Xms)
#   Decrease number of Java threads
#   Decrease Java thread stack sizes (-Xss)
#   Set larger code cache with -XX:ReservedCodeCacheSize=
#   JVM is running with Zero Based Compressed Oops mode in which the Java heap is
#     placed in the first 32GB address space. The Java Heap base address is the
#     maximum limit for the native heap growth. Please use -XX:HeapBaseMinAddress
#     to set the Java Heap base and to place the Java Heap above 32GB virtual address.
# This output file may be truncated or incomplete.
#
#  Out of Memory Error (arena.cpp:150), pid=9660, tid=14080
#
# JRE version: OpenJDK Runtime Environment (22.0.1+8) (build 22.0.1+8-16)
# Java VM: OpenJDK 64-Bit Server VM (22.0.1+8-16, mixed mode, sharing, tiered, compressed oops, compressed class ptrs, g1 gc, windows-amd64)
# No core dump will be written. Minidumps are not enabled by default on client versions of Windows
#

---------------  S U M M A R Y ------------

Command Line: -ea --enable-preview -Didea.test.cyclic.buffer.size=1048576 -javaagent:E:\IntelliJ IDEA Community Edition 2023.3.5\lib\idea_rt.jar=62983:E:\IntelliJ IDEA Community Edition 2023.3.5\bin -Dfile.encoding=UTF-8 -Dsun.stdout.encoding=UTF-8 -Dsun.stderr.encoding=UTF-8 com.intellij.rt.junit.JUnitStarter -ideVersion5 -junit5 MobileTests.Tests.LoginPageTests,correctLoginTest

Host: Intel(R) Core(TM) i3-9100F CPU @ 3.60GHz, 4 cores, 15G,  Windows 10 , 64 bit Build 19041 (10.0.19041.3636)
Time: Mon May 27 21:42:30 2024 RTZ 2 (s 10 , 64 bit Build 19041 (10.0.19041.3636) elapsed time: 2.398179 seconds (0d 0h 0m 2s)

---------------  T H R E A D  ---------------

Current thread (0x0000027261d7ed80):  JavaThread "C2 CompilerThread0" daemon [_thread_in_native, id=14080, stack(0x0000007e26c00000,0x0000007e26d00000) (1024K)]


Current CompileTask:
C2:2398 1596       4       java.lang.invoke.MethodType::methodType (69 bytes)

Stack: [0x0000007e26c00000,0x0000007e26d00000]
Native frames: (J=compiled Java code, j=interpreted, Vv=VM code, C=native code)
V  [jvm.dll+0x6e2279]  (no source info available)
V  [jvm.dll+0x874e33]  (no source info available)
V  [jvm.dll+0x87725e]  (no source info available)
V  [jvm.dll+0x877933]  (no source info available)
V  [jvm.dll+0x27fd76]  (no source info available)
V  [jvm.dll+0xc3d0f]  (no source info available)
V  [jvm.dll+0xc3f6b]  (no source info available)
V  [jvm.dll+0x2f3c2f]  (no source info available)
V  [jvm.dll+0x60bc9a]  (no source info available)
V  [jvm.dll+0x249a35]  (no source info available)
V  [jvm.dll+0x246ec6]  (no source info available)
V  [jvm.dll+0x1c4e90]  (no source info available)
V  [jvm.dll+0x2569fe]  (no source info available)
V  [jvm.dll+0x254cba]  (no source info available)
V  [jvm.dll+0x3f5336]  (no source info available)
V  [jvm.dll+0x81d44b]  (no source info available)
V  [jvm.dll+0x6e0915]  (no source info available)
C  [ucrtbase.dll+0x21bb2]  (no source info available)
C  [KERNEL32.DLL+0x17344]  (no source info available)
C  [ntdll.dll+0x526b1]  (no source info available)


---------------  P R O C E S S  ---------------

Threads class SMR info:
_java_thread_list=0x00000272a81258c0, length=14, elements={
0x0000027241383750, 0x0000027261d6d700, 0x0000027261d6e840, 0x0000027261d75210,
0x0000027261d78130, 0x0000027261d787a0, 0x0000027261d7d4a0, 0x0000027261d7ed80,
0x0000027261d9b0f0, 0x00000272a70df1d0, 0x00000272a722a670, 0x00000272a7230f50,
0x00000272a8302ba0, 0x00000272a84dbd60
}

Java Threads: ( => current thread )
  0x0000027241383750 JavaThread "main"                              [_thread_in_Java, id=9512, stack(0x0000007e25e00000,0x0000007e25f00000) (1024K)]
  0x0000027261d6d700 JavaThread "Reference Handler"          daemon [_thread_blocked, id=15660, stack(0x0000007e26600000,0x0000007e26700000) (1024K)]
  0x0000027261d6e840 JavaThread "Finalizer"                  daemon [_thread_blocked, id=8096, stack(0x0000007e26700000,0x0000007e26800000) (1024K)]
  0x0000027261d75210 JavaThread "Signal Dispatcher"          daemon [_thread_blocked, id=13940, stack(0x0000007e26800000,0x0000007e26900000) (1024K)]
  0x0000027261d78130 JavaThread "Attach Listener"            daemon [_thread_blocked, id=2820, stack(0x0000007e26900000,0x0000007e26a00000) (1024K)]
  0x0000027261d787a0 JavaThread "Service Thread"             daemon [_thread_blocked, id=1764, stack(0x0000007e26a00000,0x0000007e26b00000) (1024K)]
  0x0000027261d7d4a0 JavaThread "Monitor Deflation Thread"   daemon [_thread_blocked, id=4720, stack(0x0000007e26b00000,0x0000007e26c00000) (1024K)]
=>0x0000027261d7ed80 JavaThread "C2 CompilerThread0"         daemon [_thread_in_native, id=14080, stack(0x0000007e26c00000,0x0000007e26d00000) (1024K)]
  0x0000027261d9b0f0 JavaThread "C1 CompilerThread0"         daemon [_thread_in_native, id=7972, stack(0x0000007e26d00000,0x0000007e26e00000) (1024K)]
  0x00000272a70df1d0 JavaThread "Common-Cleaner"             daemon [_thread_blocked, id=3904, stack(0x0000007e26e00000,0x0000007e26f00000) (1024K)]
  0x00000272a722a670 JavaThread "Monitor Ctrl-Break"         daemon [_thread_in_native, id=14224, stack(0x0000007e26f00000,0x0000007e27000000) (1024K)]
  0x00000272a7230f50 JavaThread "Notification Thread"        daemon [_thread_blocked, id=16696, stack(0x0000007e27000000,0x0000007e27100000) (1024K)]
  0x00000272a8302ba0 JavaThread "ForkJoinPool.commonPool-worker-1" daemon [_thread_blocked, id=12416, stack(0x0000007e27100000,0x0000007e27200000) (1024K)]
  0x00000272a84dbd60 JavaThread "C2 CompilerThread1"         daemon [_thread_in_native, id=8568, stack(0x0000007e27500000,0x0000007e27600000) (1024K)]
Total: 14

Other Threads:
  0x0000027261d52a30 VMThread "VM Thread"                           [id=17248, stack(0x0000007e26500000,0x0000007e26600000) (1024K)]
  0x0000027261d38660 WatcherThread "VM Periodic Task Thread"        [id=14356, stack(0x0000007e26400000,0x0000007e26500000) (1024K)]
  0x00000272435dcbb0 WorkerThread "GC Thread#0"                     [id=10868, stack(0x0000007e25f00000,0x0000007e26000000) (1024K)]
  0x00000272a787edf0 WorkerThread "GC Thread#1"                     [id=11556, stack(0x0000007e27200000,0x0000007e27300000) (1024K)]
  0x00000272a787f1a0 WorkerThread "GC Thread#2"                     [id=6944, stack(0x0000007e27300000,0x0000007e27400000) (1024K)]
  0x00000272a787f550 WorkerThread "GC Thread#3"                     [id=1312, stack(0x0000007e27400000,0x0000007e27500000) (1024K)]
  0x00000272435eeb80 ConcurrentGCThread "G1 Main Marker"            [id=6836, stack(0x0000007e26000000,0x0000007e26100000) (1024K)]
  0x00000272435efe30 WorkerThread "G1 Conc#0"                       [id=12960, stack(0x0000007e26100000,0x0000007e26200000) (1024K)]
  0x0000027261bfc140 ConcurrentGCThread "G1 Refine#0"               [id=14404, stack(0x0000007e26200000,0x0000007e26300000) (1024K)]
  0x0000027261bfe9a0 ConcurrentGCThread "G1 Service"                [id=16296, stack(0x0000007e26300000,0x0000007e26400000) (1024K)]
Total: 10

Threads with active compile tasks:
C2 CompilerThread0  2525 1596       4       java.lang.invoke.MethodType::methodType (69 bytes)
C1 CompilerThread0  2525 1923       3       java.lang.Class::privateGetDeclaredConstructors (79 bytes)
C2 CompilerThread1  2525 1919  s    4       java.io.ByteArrayOutputStream::write (32 bytes)
Total: 3

VM state: not at safepoint (normal execution)

VM Mutex/Monitor currently owned by a thread: None

Heap address: 0x0000000700e00000, size: 4082 MB, Compressed Oops mode: Zero based, Oop shift amount: 3

CDS archive(s) mapped at: [0x0000027262000000-0x0000027262c50000-0x0000027262c50000), size 12910592, SharedBaseAddress: 0x0000027262000000, ArchiveRelocationMode: 1.
Compressed class space mapped at: 0x0000027263000000-0x00000272a3000000, reserved size: 1073741824
Narrow klass base: 0x0000027262000000, Narrow klass shift: 0, Narrow klass range: 0x41000000

GC Precious Log:
 CardTable entry size: 512
 Card Set container configuration: InlinePtr #cards 4 size 8 Array Of Cards #cards 16 size 48 Howl #buckets 8 coarsen threshold 3686 Howl Bitmap #cards 512 size 80 coarsen threshold 460 Card regions per heap region 1 cards per card region 4096
 CPUs: 4 total, 4 available
 Memory: 16326M
 Large Page Support: Disabled
 NUMA Support: Disabled
 Compressed Oops: Enabled (Zero based)
 Heap Region Size: 2M
 Heap Min Capacity: 8M
 Heap Initial Capacity: 256M
 Heap Max Capacity: 4082M
 Pre-touch: Disabled
 Parallel Workers: 4
 Concurrent Workers: 1
 Concurrent Refinement Workers: 4
 Periodic GC: Disabled

Heap:
 garbage-first heap   total reserved 4179968K, committed 262144K, used 21322K [0x0000000700e00000, 0x0000000800000000)
  region size 2048K, 10 young (20480K), 1 survivors (2048K)
 Metaspace       used 11223K, committed 11520K, reserved 1114112K
  class space    used 1382K, committed 1472K, reserved 1048576K

Heap Regions: E=young(eden), S=young(survivor), O=old, HS=humongous(starts), HC=humongous(continues), CS=collection set, F=free, TAMS=top-at-mark-start, PB=parsable bottom
|   0|0x0000000700e00000, 0x0000000701000000, 0x0000000701000000|100%| O|  |TAMS 0x0000000700e00000| PB 0x0000000700e00000| Untracked |  0
|   1|0x0000000701000000, 0x0000000701200000, 0x0000000701200000|100%| O|  |TAMS 0x0000000701000000| PB 0x0000000701000000| Untracked |  0
|   2|0x0000000701200000, 0x00000007013ee070, 0x0000000701400000| 96%| O|  |TAMS 0x0000000701200000| PB 0x0000000701200000| Untracked |  0
|   3|0x0000000701400000, 0x0000000701400000, 0x0000000701600000|  0%| F|  |TAMS 0x0000000701400000| PB 0x0000000701400000| Untracked |  0
|   4|0x0000000701600000, 0x0000000701600000, 0x0000000701800000|  0%| F|  |TAMS 0x0000000701600000| PB 0x0000000701600000| Untracked |  0
|   5|0x0000000701800000, 0x0000000701800000, 0x0000000701a00000|  0%| F|  |TAMS 0x0000000701800000| PB 0x0000000701800000| Untracked |  0
|   6|0x0000000701a00000, 0x0000000701a00000, 0x0000000701c00000|  0%| F|  |TAMS 0x0000000701a00000| PB 0x0000000701a00000| Untracked |  0
|   7|0x0000000701c00000, 0x0000000701c00000, 0x0000000701e00000|  0%| F|  |TAMS 0x0000000701c00000| PB 0x0000000701c00000| Untracked |  0
|   8|0x0000000701e00000, 0x0000000701e00000, 0x0000000702000000|  0%| F|  |TAMS 0x0000000701e00000| PB 0x0000000701e00000| Untracked |  0
|   9|0x0000000702000000, 0x0000000702000000, 0x0000000702200000|  0%| F|  |TAMS 0x0000000702000000| PB 0x0000000702000000| Untracked |  0
|  10|0x0000000702200000, 0x0000000702200000, 0x0000000702400000|  0%| F|  |TAMS 0x0000000702200000| PB 0x0000000702200000| Untracked |  0
|  11|0x0000000702400000, 0x0000000702400000, 0x0000000702600000|  0%| F|  |TAMS 0x0000000702400000| PB 0x0000000702400000| Untracked |  0
|  12|0x0000000702600000, 0x0000000702600000, 0x0000000702800000|  0%| F|  |TAMS 0x0000000702600000| PB 0x0000000702600000| Untracked |  0
|  13|0x0000000702800000, 0x0000000702800000, 0x0000000702a00000|  0%| F|  |TAMS 0x0000000702800000| PB 0x0000000702800000| Untracked |  0
|  14|0x0000000702a00000, 0x0000000702a00000, 0x0000000702c00000|  0%| F|  |TAMS 0x0000000702a00000| PB 0x0000000702a00000| Untracked |  0
|  15|0x0000000702c00000, 0x0000000702c00000, 0x0000000702e00000|  0%| F|  |TAMS 0x0000000702c00000| PB 0x0000000702c00000| Untracked |  0
|  16|0x0000000702e00000, 0x0000000702e00000, 0x0000000703000000|  0%| F|  |TAMS 0x0000000702e00000| PB 0x0000000702e00000| Untracked |  0
|  17|0x0000000703000000, 0x0000000703000000, 0x0000000703200000|  0%| F|  |TAMS 0x0000000703000000| PB 0x0000000703000000| Untracked |  0
|  18|0x0000000703200000, 0x0000000703200000, 0x0000000703400000|  0%| F|  |TAMS 0x0000000703200000| PB 0x0000000703200000| Untracked |  0
|  19|0x0000000703400000, 0x0000000703400000, 0x0000000703600000|  0%| F|  |TAMS 0x0000000703400000| PB 0x0000000703400000| Untracked |  0
|  20|0x0000000703600000, 0x0000000703600000, 0x0000000703800000|  0%| F|  |TAMS 0x0000000703600000| PB 0x0000000703600000| Untracked |  0
|  21|0x0000000703800000, 0x0000000703800000, 0x0000000703a00000|  0%| F|  |TAMS 0x0000000703800000| PB 0x0000000703800000| Untracked |  0
|  22|0x0000000703a00000, 0x0000000703a00000, 0x0000000703c00000|  0%| F|  |TAMS 0x0000000703a00000| PB 0x0000000703a00000| Untracked |  0
|  23|0x0000000703c00000, 0x0000000703c00000, 0x0000000703e00000|  0%| F|  |TAMS 0x0000000703c00000| PB 0x0000000703c00000| Untracked |  0
|  24|0x0000000703e00000, 0x0000000703e00000, 0x0000000704000000|  0%| F|  |TAMS 0x0000000703e00000| PB 0x0000000703e00000| Untracked |  0
|  25|0x0000000704000000, 0x0000000704000000, 0x0000000704200000|  0%| F|  |TAMS 0x0000000704000000| PB 0x0000000704000000| Untracked |  0
|  26|0x0000000704200000, 0x0000000704200000, 0x0000000704400000|  0%| F|  |TAMS 0x0000000704200000| PB 0x0000000704200000| Untracked |  0
|  27|0x0000000704400000, 0x0000000704400000, 0x0000000704600000|  0%| F|  |TAMS 0x0000000704400000| PB 0x0000000704400000| Untracked |  0
|  28|0x0000000704600000, 0x0000000704600000, 0x0000000704800000|  0%| F|  |TAMS 0x0000000704600000| PB 0x0000000704600000| Untracked |  0
|  29|0x0000000704800000, 0x0000000704800000, 0x0000000704a00000|  0%| F|  |TAMS 0x0000000704800000| PB 0x0000000704800000| Untracked |  0
|  30|0x0000000704a00000, 0x0000000704a00000, 0x0000000704c00000|  0%| F|  |TAMS 0x0000000704a00000| PB 0x0000000704a00000| Untracked |  0
|  31|0x0000000704c00000, 0x0000000704c00000, 0x0000000704e00000|  0%| F|  |TAMS 0x0000000704c00000| PB 0x0000000704c00000| Untracked |  0
|  32|0x0000000704e00000, 0x0000000704e00000, 0x0000000705000000|  0%| F|  |TAMS 0x0000000704e00000| PB 0x0000000704e00000| Untracked |  0
|  33|0x0000000705000000, 0x0000000705000000, 0x0000000705200000|  0%| F|  |TAMS 0x0000000705000000| PB 0x0000000705000000| Untracked |  0
|  34|0x0000000705200000, 0x0000000705200000, 0x0000000705400000|  0%| F|  |TAMS 0x0000000705200000| PB 0x0000000705200000| Untracked |  0
|  35|0x0000000705400000, 0x0000000705400000, 0x0000000705600000|  0%| F|  |TAMS 0x0000000705400000| PB 0x0000000705400000| Untracked |  0
|  36|0x0000000705600000, 0x0000000705600000, 0x0000000705800000|  0%| F|  |TAMS 0x0000000705600000| PB 0x0000000705600000| Untracked |  0
|  37|0x0000000705800000, 0x0000000705800000, 0x0000000705a00000|  0%| F|  |TAMS 0x0000000705800000| PB 0x0000000705800000| Untracked |  0
|  38|0x0000000705a00000, 0x0000000705a00000, 0x0000000705c00000|  0%| F|  |TAMS 0x0000000705a00000| PB 0x0000000705a00000| Untracked |  0
|  39|0x0000000705c00000, 0x0000000705c00000, 0x0000000705e00000|  0%| F|  |TAMS 0x0000000705c00000| PB 0x0000000705c00000| Untracked |  0
|  40|0x0000000705e00000, 0x0000000705e00000, 0x0000000706000000|  0%| F|  |TAMS 0x0000000705e00000| PB 0x0000000705e00000| Untracked |  0
|  41|0x0000000706000000, 0x0000000706000000, 0x0000000706200000|  0%| F|  |TAMS 0x0000000706000000| PB 0x0000000706000000| Untracked |  0
|  42|0x0000000706200000, 0x0000000706200000, 0x0000000706400000|  0%| F|  |TAMS 0x0000000706200000| PB 0x0000000706200000| Untracked |  0
|  43|0x0000000706400000, 0x0000000706400000, 0x0000000706600000|  0%| F|  |TAMS 0x0000000706400000| PB 0x0000000706400000| Untracked |  0
|  44|0x0000000706600000, 0x0000000706600000, 0x0000000706800000|  0%| F|  |TAMS 0x0000000706600000| PB 0x0000000706600000| Untracked |  0
|  45|0x0000000706800000, 0x0000000706800000, 0x0000000706a00000|  0%| F|  |TAMS 0x0000000706800000| PB 0x0000000706800000| Untracked |  0
|  46|0x0000000706a00000, 0x0000000706a00000, 0x0000000706c00000|  0%| F|  |TAMS 0x0000000706a00000| PB 0x0000000706a00000| Untracked |  0
|  47|0x0000000706c00000, 0x0000000706c00000, 0x0000000706e00000|  0%| F|  |TAMS 0x0000000706c00000| PB 0x0000000706c00000| Untracked |  0
|  48|0x0000000706e00000, 0x0000000706e00000, 0x0000000707000000|  0%| F|  |TAMS 0x0000000706e00000| PB 0x0000000706e00000| Untracked |  0
|  49|0x0000000707000000, 0x0000000707000000, 0x0000000707200000|  0%| F|  |TAMS 0x0000000707000000| PB 0x0000000707000000| Untracked |  0
|  50|0x0000000707200000, 0x0000000707200000, 0x0000000707400000|  0%| F|  |TAMS 0x0000000707200000| PB 0x0000000707200000| Untracked |  0
|  51|0x0000000707400000, 0x0000000707400000, 0x0000000707600000|  0%| F|  |TAMS 0x0000000707400000| PB 0x0000000707400000| Untracked |  0
|  52|0x0000000707600000, 0x0000000707600000, 0x0000000707800000|  0%| F|  |TAMS 0x0000000707600000| PB 0x0000000707600000| Untracked |  0
|  53|0x0000000707800000, 0x0000000707800000, 0x0000000707a00000|  0%| F|  |TAMS 0x0000000707800000| PB 0x0000000707800000| Untracked |  0
|  54|0x0000000707a00000, 0x0000000707a00000, 0x0000000707c00000|  0%| F|  |TAMS 0x0000000707a00000| PB 0x0000000707a00000| Untracked |  0
|  55|0x0000000707c00000, 0x0000000707c00000, 0x0000000707e00000|  0%| F|  |TAMS 0x0000000707c00000| PB 0x0000000707c00000| Untracked |  0
|  56|0x0000000707e00000, 0x0000000707e00000, 0x0000000708000000|  0%| F|  |TAMS 0x0000000707e00000| PB 0x0000000707e00000| Untracked |  0
|  57|0x0000000708000000, 0x0000000708000000, 0x0000000708200000|  0%| F|  |TAMS 0x0000000708000000| PB 0x0000000708000000| Untracked |  0
|  58|0x0000000708200000, 0x0000000708200000, 0x0000000708400000|  0%| F|  |TAMS 0x0000000708200000| PB 0x0000000708200000| Untracked |  0
|  59|0x0000000708400000, 0x0000000708400000, 0x0000000708600000|  0%| F|  |TAMS 0x0000000708400000| PB 0x0000000708400000| Untracked |  0
|  60|0x0000000708600000, 0x0000000708600000, 0x0000000708800000|  0%| F|  |TAMS 0x0000000708600000| PB 0x0000000708600000| Untracked |  0
|  61|0x0000000708800000, 0x0000000708800000, 0x0000000708a00000|  0%| F|  |TAMS 0x0000000708800000| PB 0x0000000708800000| Untracked |  0
|  62|0x0000000708a00000, 0x0000000708a00000, 0x0000000708c00000|  0%| F|  |TAMS 0x0000000708a00000| PB 0x0000000708a00000| Untracked |  0
|  63|0x0000000708c00000, 0x0000000708c00000, 0x0000000708e00000|  0%| F|  |TAMS 0x0000000708c00000| PB 0x0000000708c00000| Untracked |  0
|  64|0x0000000708e00000, 0x0000000708e00000, 0x0000000709000000|  0%| F|  |TAMS 0x0000000708e00000| PB 0x0000000708e00000| Untracked |  0
|  65|0x0000000709000000, 0x0000000709000000, 0x0000000709200000|  0%| F|  |TAMS 0x0000000709000000| PB 0x0000000709000000| Untracked |  0
|  66|0x0000000709200000, 0x0000000709200000, 0x0000000709400000|  0%| F|  |TAMS 0x0000000709200000| PB 0x0000000709200000| Untracked |  0
|  67|0x0000000709400000, 0x0000000709400000, 0x0000000709600000|  0%| F|  |TAMS 0x0000000709400000| PB 0x0000000709400000| Untracked |  0
|  68|0x0000000709600000, 0x0000000709600000, 0x0000000709800000|  0%| F|  |TAMS 0x0000000709600000| PB 0x0000000709600000| Untracked |  0
|  69|0x0000000709800000, 0x0000000709800000, 0x0000000709a00000|  0%| F|  |TAMS 0x0000000709800000| PB 0x0000000709800000| Untracked |  0
|  70|0x0000000709a00000, 0x0000000709a00000, 0x0000000709c00000|  0%| F|  |TAMS 0x0000000709a00000| PB 0x0000000709a00000| Untracked |  0
|  71|0x0000000709c00000, 0x0000000709c00000, 0x0000000709e00000|  0%| F|  |TAMS 0x0000000709c00000| PB 0x0000000709c00000| Untracked |  0
|  72|0x0000000709e00000, 0x0000000709e00000, 0x000000070a000000|  0%| F|  |TAMS 0x0000000709e00000| PB 0x0000000709e00000| Untracked |  0
|  73|0x000000070a000000, 0x000000070a000000, 0x000000070a200000|  0%| F|  |TAMS 0x000000070a000000| PB 0x000000070a000000| Untracked |  0
|  74|0x000000070a200000, 0x000000070a200000, 0x000000070a400000|  0%| F|  |TAMS 0x000000070a200000| PB 0x000000070a200000| Untracked |  0
|  75|0x000000070a400000, 0x000000070a400000, 0x000000070a600000|  0%| F|  |TAMS 0x000000070a400000| PB 0x000000070a400000| Untracked |  0
|  76|0x000000070a600000, 0x000000070a600000, 0x000000070a800000|  0%| F|  |TAMS 0x000000070a600000| PB 0x000000070a600000| Untracked |  0
|  77|0x000000070a800000, 0x000000070a800000, 0x000000070aa00000|  0%| F|  |TAMS 0x000000070a800000| PB 0x000000070a800000| Untracked |  0
|  78|0x000000070aa00000, 0x000000070aa00000, 0x000000070ac00000|  0%| F|  |TAMS 0x000000070aa00000| PB 0x000000070aa00000| Untracked |  0
|  79|0x000000070ac00000, 0x000000070ac00000, 0x000000070ae00000|  0%| F|  |TAMS 0x000000070ac00000| PB 0x000000070ac00000| Untracked |  0
|  80|0x000000070ae00000, 0x000000070ae00000, 0x000000070b000000|  0%| F|  |TAMS 0x000000070ae00000| PB 0x000000070ae00000| Untracked |  0
|  81|0x000000070b000000, 0x000000070b000000, 0x000000070b200000|  0%| F|  |TAMS 0x000000070b000000| PB 0x000000070b000000| Untracked |  0
|  82|0x000000070b200000, 0x000000070b200000, 0x000000070b400000|  0%| F|  |TAMS 0x000000070b200000| PB 0x000000070b200000| Untracked |  0
|  83|0x000000070b400000, 0x000000070b400000, 0x000000070b600000|  0%| F|  |TAMS 0x000000070b400000| PB 0x000000070b400000| Untracked |  0
|  84|0x000000070b600000, 0x000000070b600000, 0x000000070b800000|  0%| F|  |TAMS 0x000000070b600000| PB 0x000000070b600000| Untracked |  0
|  85|0x000000070b800000, 0x000000070b800000, 0x000000070ba00000|  0%| F|  |TAMS 0x000000070b800000| PB 0x000000070b800000| Untracked |  0
|  86|0x000000070ba00000, 0x000000070ba00000, 0x000000070bc00000|  0%| F|  |TAMS 0x000000070ba00000| PB 0x000000070ba00000| Untracked |  0
|  87|0x000000070bc00000, 0x000000070bc00000, 0x000000070be00000|  0%| F|  |TAMS 0x000000070bc00000| PB 0x000000070bc00000| Untracked |  0
|  88|0x000000070be00000, 0x000000070be00000, 0x000000070c000000|  0%| F|  |TAMS 0x000000070be00000| PB 0x000000070be00000| Untracked |  0
|  89|0x000000070c000000, 0x000000070c000000, 0x000000070c200000|  0%| F|  |TAMS 0x000000070c000000| PB 0x000000070c000000| Untracked |  0
|  90|0x000000070c200000, 0x000000070c200000, 0x000000070c400000|  0%| F|  |TAMS 0x000000070c200000| PB 0x000000070c200000| Untracked |  0
|  91|0x000000070c400000, 0x000000070c400000, 0x000000070c600000|  0%| F|  |TAMS 0x000000070c400000| PB 0x000000070c400000| Untracked |  0
|  92|0x000000070c600000, 0x000000070c600000, 0x000000070c800000|  0%| F|  |TAMS 0x000000070c600000| PB 0x000000070c600000| Untracked |  0
|  93|0x000000070c800000, 0x000000070c800000, 0x000000070ca00000|  0%| F|  |TAMS 0x000000070c800000| PB 0x000000070c800000| Untracked |  0
|  94|0x000000070ca00000, 0x000000070ca00000, 0x000000070cc00000|  0%| F|  |TAMS 0x000000070ca00000| PB 0x000000070ca00000| Untracked |  0
|  95|0x000000070cc00000, 0x000000070cc00000, 0x000000070ce00000|  0%| F|  |TAMS 0x000000070cc00000| PB 0x000000070cc00000| Untracked |  0
|  96|0x000000070ce00000, 0x000000070ce00000, 0x000000070d000000|  0%| F|  |TAMS 0x000000070ce00000| PB 0x000000070ce00000| Untracked |  0
|  97|0x000000070d000000, 0x000000070d000000, 0x000000070d200000|  0%| F|  |TAMS 0x000000070d000000| PB 0x000000070d000000| Untracked |  0
|  98|0x000000070d200000, 0x000000070d200000, 0x000000070d400000|  0%| F|  |TAMS 0x000000070d200000| PB 0x000000070d200000| Untracked |  0
|  99|0x000000070d400000, 0x000000070d400000, 0x000000070d600000|  0%| F|  |TAMS 0x000000070d400000| PB 0x000000070d400000| Untracked |  0
| 100|0x000000070d600000, 0x000000070d600000, 0x000000070d800000|  0%| F|  |TAMS 0x000000070d600000| PB 0x000000070d600000| Untracked |  0
| 101|0x000000070d800000, 0x000000070d800000, 0x000000070da00000|  0%| F|  |TAMS 0x000000070d800000| PB 0x000000070d800000| Untracked |  0
| 102|0x000000070da00000, 0x000000070da00000, 0x000000070dc00000|  0%| F|  |TAMS 0x000000070da00000| PB 0x000000070da00000| Untracked |  0
| 103|0x000000070dc00000, 0x000000070dc00000, 0x000000070de00000|  0%| F|  |TAMS 0x000000070dc00000| PB 0x000000070dc00000| Untracked |  0
| 104|0x000000070de00000, 0x000000070de00000, 0x000000070e000000|  0%| F|  |TAMS 0x000000070de00000| PB 0x000000070de00000| Untracked |  0
| 105|0x000000070e000000, 0x000000070e000000, 0x000000070e200000|  0%| F|  |TAMS 0x000000070e000000| PB 0x000000070e000000| Untracked |  0
| 106|0x000000070e200000, 0x000000070e200000, 0x000000070e400000|  0%| F|  |TAMS 0x000000070e200000| PB 0x000000070e200000| Untracked |  0
| 107|0x000000070e400000, 0x000000070e400000, 0x000000070e600000|  0%| F|  |TAMS 0x000000070e400000| PB 0x000000070e400000| Untracked |  0
| 108|0x000000070e600000, 0x000000070e600000, 0x000000070e800000|  0%| F|  |TAMS 0x000000070e600000| PB 0x000000070e600000| Untracked |  0
| 109|0x000000070e800000, 0x000000070e800000, 0x000000070ea00000|  0%| F|  |TAMS 0x000000070e800000| PB 0x000000070e800000| Untracked |  0
| 110|0x000000070ea00000, 0x000000070ea00000, 0x000000070ec00000|  0%| F|  |TAMS 0x000000070ea00000| PB 0x000000070ea00000| Untracked |  0
| 111|0x000000070ec00000, 0x000000070ec00000, 0x000000070ee00000|  0%| F|  |TAMS 0x000000070ec00000| PB 0x000000070ec00000| Untracked |  0
| 112|0x000000070ee00000, 0x000000070ee00000, 0x000000070f000000|  0%| F|  |TAMS 0x000000070ee00000| PB 0x000000070ee00000| Untracked |  0
| 113|0x000000070f000000, 0x000000070f000000, 0x000000070f200000|  0%| F|  |TAMS 0x000000070f000000| PB 0x000000070f000000| Untracked |  0
| 114|0x000000070f200000, 0x000000070f200000, 0x000000070f400000|  0%| F|  |TAMS 0x000000070f200000| PB 0x000000070f200000| Untracked |  0
| 115|0x000000070f400000, 0x000000070f400000, 0x000000070f600000|  0%| F|  |TAMS 0x000000070f400000| PB 0x000000070f400000| Untracked |  0
| 116|0x000000070f600000, 0x000000070f600000, 0x000000070f800000|  0%| F|  |TAMS 0x000000070f600000| PB 0x000000070f600000| Untracked |  0
| 117|0x000000070f800000, 0x000000070f800000, 0x000000070fa00000|  0%| F|  |TAMS 0x000000070f800000| PB 0x000000070f800000| Untracked |  0
| 118|0x000000070fa00000, 0x000000070fa60088, 0x000000070fc00000| 18%| E|  |TAMS 0x000000070fa00000| PB 0x000000070fa00000| Complete |  0
| 119|0x000000070fc00000, 0x000000070fe00000, 0x000000070fe00000|100%| E|CS|TAMS 0x000000070fc00000| PB 0x000000070fc00000| Complete |  0
| 120|0x000000070fe00000, 0x0000000710000000, 0x0000000710000000|100%| E|CS|TAMS 0x000000070fe00000| PB 0x000000070fe00000| Complete |  0
| 121|0x0000000710000000, 0x0000000710200000, 0x0000000710200000|100%| E|  |TAMS 0x0000000710000000| PB 0x0000000710000000| Complete |  0
| 122|0x0000000710200000, 0x00000007102e4b20, 0x0000000710400000| 44%| S|CS|TAMS 0x0000000710200000| PB 0x0000000710200000| Complete |  0
| 123|0x0000000710400000, 0x0000000710600000, 0x0000000710600000|100%| E|CS|TAMS 0x0000000710400000| PB 0x0000000710400000| Complete |  0
| 124|0x0000000710600000, 0x0000000710800000, 0x0000000710800000|100%| E|CS|TAMS 0x0000000710600000| PB 0x0000000710600000| Complete |  0
| 125|0x0000000710800000, 0x0000000710a00000, 0x0000000710a00000|100%| E|CS|TAMS 0x0000000710800000| PB 0x0000000710800000| Complete |  0
| 126|0x0000000710a00000, 0x0000000710c00000, 0x0000000710c00000|100%| E|CS|TAMS 0x0000000710a00000| PB 0x0000000710a00000| Complete |  0
| 127|0x0000000710c00000, 0x0000000710e00000, 0x0000000710e00000|100%| E|CS|TAMS 0x0000000710c00000| PB 0x0000000710c00000| Complete |  0

Card table byte_map: [0x000002725b0b0000,0x000002725b8b0000] _byte_map_base: 0x00000272578a9000

Marking Bits: (CMBitMap*) 0x00000272435de1e0
 Bits: [0x000002725b8b0000, 0x000002725f878000)

Polling page: 0x0000027241330000

Metaspace:

Usage:
  Non-class:      9.62 MB used.
      Class:      1.35 MB used.
       Both:     10.97 MB used.

Virtual space:
  Non-class space:       64.00 MB reserved,       9.81 MB ( 15%) committed,  1 nodes.
      Class space:        1.00 GB reserved,       1.44 MB ( <1%) committed,  1 nodes.
             Both:        1.06 GB reserved,      11.25 MB (  1%) committed. 

Chunk freelists:
   Non-Class:  6.00 MB
       Class:  14.57 MB
        Both:  20.56 MB

MaxMetaspaceSize: unlimited
CompressedClassSpaceSize: 1.00 GB
Initial GC threshold: 21.00 MB
Current GC threshold: 21.00 MB
CDS: on
 - commit_granule_bytes: 65536.
 - commit_granule_words: 8192.
 - virtual_space_node_default_size: 8388608.
 - enlarge_chunks_in_place: 1.
 - use_allocation_guard: 0.


Internal statistics:

num_allocs_failed_limit: 0.
num_arena_births: 286.
num_arena_deaths: 0.
num_vsnodes_births: 2.
num_vsnodes_deaths: 0.
num_space_committed: 180.
num_space_uncommitted: 0.
num_chunks_returned_to_freelist: 0.
num_chunks_taken_from_freelist: 579.
num_chunk_merges: 0.
num_chunk_splits: 336.
num_chunks_enlarged: 208.
num_inconsistent_stats: 0.

CodeHeap 'non-profiled nmethods': size=120000Kb used=663Kb max_used=663Kb free=119336Kb
 bounds [0x0000027253380000, 0x00000272535f0000, 0x000002725a8b0000]
CodeHeap 'profiled nmethods': size=120000Kb used=3688Kb max_used=3688Kb free=116311Kb
 bounds [0x000002724b8b0000, 0x000002724bc50000, 0x0000027252de0000]
CodeHeap 'non-nmethods': size=5760Kb used=1435Kb max_used=1455Kb free=4324Kb
 bounds [0x0000027252de0000, 0x0000027253050000, 0x0000027253380000]
 total_blobs=2462 nmethods=1936 adapters=430
 compilation: enabled
              stopped_count=0, restarted_count=0
 full_count=0

Compilation events (20 events):
Event: 2.373 Thread 0x0000027261d9b0f0 1731       3       java.io.BufferedReader::ensureOpen (18 bytes)
Event: 2.374 Thread 0x0000027261d9b0f0 nmethod 1731 0x000002724bbecf10 code [0x000002724bbed0c0, 0x000002724bbed2d0]
Event: 2.374 Thread 0x0000027261d9b0f0 1732       3       java.io.StreamTokenizer::read (38 bytes)
Event: 2.374 Thread 0x0000027261d9b0f0 nmethod 1732 0x000002724bbed390 code [0x000002724bbed580, 0x000002724bbed988]
Event: 2.375 Thread 0x0000027261d9b0f0 1733       3       java.util.regex.Pattern::append (43 bytes)
Event: 2.376 Thread 0x0000027261d9b0f0 nmethod 1733 0x000002724bbedb10 code [0x000002724bbedce0, 0x000002724bbee0d0]
Event: 2.384 Thread 0x0000027261d9b0f0 1736       3       java.lang.StringLatin1::trim (76 bytes)
Event: 2.384 Thread 0x0000027261d9b0f0 nmethod 1736 0x000002724bbee290 code [0x000002724bbee460, 0x000002724bbee810]
Event: 2.384 Thread 0x0000027261d9b0f0 1735       3       java.lang.String::trim (35 bytes)
Event: 2.385 Thread 0x0000027261d9b0f0 nmethod 1735 0x000002724bbee990 code [0x000002724bbeeb60, 0x000002724bbeee38]
Event: 2.391 Thread 0x0000027261d9b0f0 1737       3       sun.security.ssl.CipherSuite::<init> (112 bytes)
Event: 2.392 Thread 0x0000027261d9b0f0 nmethod 1737 0x000002724bbeef10 code [0x000002724bbef1c0, 0x000002724bbf0200]
Event: 2.396 Thread 0x0000027261d9b0f0 1738       3       java.lang.Integer::hashCode (8 bytes)
Event: 2.396 Thread 0x0000027261d9b0f0 nmethod 1738 0x000002724bbf0790 code [0x000002724bbf0920, 0x000002724bbf0a88]
Event: 2.396 Thread 0x0000027261d9b0f0 1740       3       java.util.Arrays$ArrayList::size (6 bytes)
Event: 2.396 Thread 0x0000027261d9b0f0 nmethod 1740 0x000002724bbf0b10 code [0x000002724bbf0ca0, 0x000002724bbf0db8]
Event: 2.396 Thread 0x0000027261d9b0f0 1739       3       java.lang.Integer::hashCode (2 bytes)
Event: 2.396 Thread 0x0000027261d9b0f0 nmethod 1739 0x000002724bbf0e90 code [0x000002724bbf1020, 0x000002724bbf1110]
Event: 2.396 Thread 0x0000027261d9b0f0 1741       3       java.lang.Integer::equals (29 bytes)
Event: 2.396 Thread 0x0000027261d9b0f0 nmethod 1741 0x000002724bbf1190 code [0x000002724bbf1340, 0x000002724bbf16c8]

GC Heap History (4 events):
Event: 0.578 GC heap before
{Heap before GC invocations=0 (full 0):
 garbage-first heap   total reserved 4179968K, committed 262144K, used 12288K [0x0000000700e00000, 0x0000000800000000)
  region size 2048K, 7 young (14336K), 0 survivors (0K)
 Metaspace       used 2479K, committed 2624K, reserved 1114112K
  class space    used 257K, committed 320K, reserved 1048576K
}
Event: 0.583 GC heap after
{Heap after GC invocations=1 (full 0):
 garbage-first heap   total reserved 4179968K, committed 262144K, used 6133K [0x0000000700e00000, 0x0000000800000000)
  region size 2048K, 1 young (2048K), 1 survivors (2048K)
 Metaspace       used 2479K, committed 2624K, reserved 1114112K
  class space    used 257K, committed 320K, reserved 1048576K
}
Event: 1.008 GC heap before
{Heap before GC invocations=1 (full 0):
 garbage-first heap   total reserved 4179968K, committed 262144K, used 16373K [0x0000000700e00000, 0x0000000800000000)
  region size 2048K, 6 young (12288K), 1 survivors (2048K)
 Metaspace       used 5170K, committed 5376K, reserved 1114112K
  class space    used 657K, committed 768K, reserved 1048576K
}
Event: 1.012 GC heap after
{Heap after GC invocations=2 (full 0):
 garbage-first heap   total reserved 4179968K, committed 262144K, used 6986K [0x0000000700e00000, 0x0000000800000000)
  region size 2048K, 1 young (2048K), 1 survivors (2048K)
 Metaspace       used 5170K, committed 5376K, reserved 1114112K
  class space    used 657K, committed 768K, reserved 1048576K
}

Dll operation events (12 events):
Event: 0.017 Loaded shared library C:\Users\VladislavV\.jdks\openjdk-22.0.1\bin\java.dll
Event: 0.063 Loaded shared library C:\Users\VladislavV\.jdks\openjdk-22.0.1\bin\jsvml.dll
Event: 0.229 Loaded shared library C:\Users\VladislavV\.jdks\openjdk-22.0.1\bin\zip.dll
Event: 0.239 Loaded shared library C:\Users\VladislavV\.jdks\openjdk-22.0.1\bin\instrument.dll
Event: 0.244 Loaded shared library C:\Users\VladislavV\.jdks\openjdk-22.0.1\bin\net.dll
Event: 0.247 Loaded shared library C:\Users\VladislavV\.jdks\openjdk-22.0.1\bin\nio.dll
Event: 0.252 Loaded shared library C:\Users\VladislavV\.jdks\openjdk-22.0.1\bin\zip.dll
Event: 0.269 Loaded shared library E:\IntelliJ IDEA Community Edition 2023.3.5\bin\breakgen64.dll
Event: 0.282 Loaded shared library C:\Users\VladislavV\.jdks\openjdk-22.0.1\bin\extnet.dll
Event: 0.346 Loaded shared library C:\Users\VladislavV\.jdks\openjdk-22.0.1\bin\jimage.dll
Event: 1.149 Loaded shared library C:\Users\VladislavV\.jdks\openjdk-22.0.1\bin\management.dll
Event: 1.154 Loaded shared library C:\Users\VladislavV\.jdks\openjdk-22.0.1\bin\management_ext.dll

Deoptimization events (20 events):
Event: 2.330 Thread 0x0000027241383750 Uncommon trap: trap_request=0xffffffde fr.pc=0x00000272533e2d40 relative=0x00000000000002e0
Event: 2.330 Thread 0x0000027241383750 Uncommon trap: reason=class_check action=maybe_recompile pc=0x00000272533e2d40 method=java.util.HashMap.getNode(Ljava/lang/Object;)Ljava/util/HashMap$Node; @ 128 c2
Event: 2.330 Thread 0x0000027241383750 DEOPT PACKING pc=0x00000272533e2d40 sp=0x0000007e25efaff0
Event: 2.330 Thread 0x0000027241383750 DEOPT UNPACKING pc=0x0000027252e346a2 sp=0x0000007e25efaf58 mode 2
Event: 2.331 Thread 0x0000027241383750 Uncommon trap: trap_request=0xffffffde fr.pc=0x00000272533e2d40 relative=0x00000000000002e0
Event: 2.331 Thread 0x0000027241383750 Uncommon trap: reason=class_check action=maybe_recompile pc=0x00000272533e2d40 method=java.util.HashMap.getNode(Ljava/lang/Object;)Ljava/util/HashMap$Node; @ 128 c2
Event: 2.331 Thread 0x0000027241383750 DEOPT PACKING pc=0x00000272533e2d40 sp=0x0000007e25efaff0
Event: 2.331 Thread 0x0000027241383750 DEOPT UNPACKING pc=0x0000027252e346a2 sp=0x0000007e25efaf58 mode 2
Event: 2.331 Thread 0x0000027241383750 Uncommon trap: trap_request=0xffffffde fr.pc=0x00000272533e2d40 relative=0x00000000000002e0
Event: 2.331 Thread 0x0000027241383750 Uncommon trap: reason=class_check action=maybe_recompile pc=0x00000272533e2d40 method=java.util.HashMap.getNode(Ljava/lang/Object;)Ljava/util/HashMap$Node; @ 128 c2
Event: 2.331 Thread 0x0000027241383750 DEOPT PACKING pc=0x00000272533e2d40 sp=0x0000007e25efaff0
Event: 2.331 Thread 0x0000027241383750 DEOPT UNPACKING pc=0x0000027252e346a2 sp=0x0000007e25efaf58 mode 2
Event: 2.332 Thread 0x0000027241383750 Uncommon trap: trap_request=0xffffffde fr.pc=0x00000272533e2d40 relative=0x00000000000002e0
Event: 2.332 Thread 0x0000027241383750 Uncommon trap: reason=class_check action=maybe_recompile pc=0x00000272533e2d40 method=java.util.HashMap.getNode(Ljava/lang/Object;)Ljava/util/HashMap$Node; @ 128 c2
Event: 2.332 Thread 0x0000027241383750 DEOPT PACKING pc=0x00000272533e2d40 sp=0x0000007e25efaff0
Event: 2.332 Thread 0x0000027241383750 DEOPT UNPACKING pc=0x0000027252e346a2 sp=0x0000007e25efaf58 mode 2
Event: 2.349 Thread 0x0000027241383750 Uncommon trap: trap_request=0xffffff6e fr.pc=0x00000272533bfe10 relative=0x0000000000000450
Event: 2.349 Thread 0x0000027241383750 Uncommon trap: reason=loop_limit_check action=maybe_recompile pc=0x00000272533bfe10 method=java.lang.StringLatin1.indexOf([BI[BII)I @ 37 c2
Event: 2.349 Thread 0x0000027241383750 DEOPT PACKING pc=0x00000272533bfe10 sp=0x0000007e25efa000
Event: 2.349 Thread 0x0000027241383750 DEOPT UNPACKING pc=0x0000027252e346a2 sp=0x0000007e25ef9f60 mode 2

Classes loaded (20 events):
Event: 2.386 Loading class sun/security/ssl/CipherSuite$MacAlg
Event: 2.386 Loading class sun/security/ssl/CipherSuite$MacAlg done
Event: 2.387 Loading class sun/security/ssl/CipherSuite$KeyExchange
Event: 2.387 Loading class sun/security/ssl/CipherSuite$KeyExchange done
Event: 2.387 Loading class sun/security/ssl/NamedGroup$NamedGroupSpec
Event: 2.387 Loading class sun/security/ssl/NamedGroup$NamedGroupScheme
Event: 2.387 Loading class sun/security/ssl/NamedGroup$NamedGroupScheme done
Event: 2.387 Loading class sun/security/ssl/NamedGroup$NamedGroupSpec done
Event: 2.387 Loading class sun/security/ssl/NamedGroup$ECDHEScheme
Event: 2.387 Loading class sun/security/ssl/NamedGroup$ECDHEScheme done
Event: 2.387 Loading class sun/security/ssl/NamedGroup
Event: 2.387 Loading class sun/security/ssl/NamedGroup done
Event: 2.388 Loading class sun/security/ssl/NamedGroup$FFDHEScheme
Event: 2.388 Loading class sun/security/ssl/NamedGroup$FFDHEScheme done
Event: 2.388 Loading class sun/security/ssl/NamedGroup$XDHScheme
Event: 2.388 Loading class sun/security/ssl/NamedGroup$XDHScheme done
Event: 2.388 Loading class sun/security/ssl/JsseJce
Event: 2.388 Loading class sun/security/ssl/JsseJce done
Event: 2.388 Loading class sun/security/ssl/Utilities
Event: 2.388 Loading class sun/security/ssl/Utilities done

Classes unloaded (0 events):
No events

Classes redefined (0 events):
No events

Internal exceptions (20 events):
Event: 2.200 Thread 0x0000027241383750 Implicit null exception at 0x00000272533f4bed to 0x00000272533f55f4
Event: 2.200 Thread 0x0000027241383750 Implicit null exception at 0x00000272533dd3c0 to 0x00000272533dd442
Event: 2.206 Thread 0x0000027241383750 Exception <a 'java/lang/ClassNotFoundException'{0x000000071078dea0}: sun/util/logging/resources/spi/loggingProvider> (0x000000071078dea0) 
thrown [s\open\src\hotspot\share\classfile\systemDictionary.cpp, line 313]
Event: 2.248 Thread 0x0000027241383750 Exception <a 'java/lang/NoSuchMethodError'{0x00000007104a7da0}: 'java.lang.Object java.lang.invoke.DirectMethodHandle$Holder.invokeStaticInit(java.lang.Object, java.lang.Object, int)'> (0x00000007104a7da0) 
thrown [s\open\src\hotspot\share\interpreter\linkResolver.cpp, line 774]
Event: 2.248 Thread 0x0000027241383750 Exception <a 'java/lang/NoSuchMethodError'{0x00000007104ae298}: 'int java.lang.invoke.DirectMethodHandle$Holder.invokeStaticInit(java.lang.Object, java.lang.Object, java.lang.Object)'> (0x00000007104ae298) 
thrown [s\open\src\hotspot\share\interpreter\linkResolver.cpp, line 774]
Event: 2.250 Thread 0x0000027241383750 Exception <a 'java/lang/NoSuchMethodError'{0x00000007104c0ad0}: 'int java.lang.invoke.DirectMethodHandle$Holder.invokeSpecialIFC(java.lang.Object, java.lang.Object, java.lang.Object)'> (0x00000007104c0ad0) 
thrown [s\open\src\hotspot\share\interpreter\linkResolver.cpp, line 774]
Event: 2.257 Thread 0x0000027241383750 Exception <a 'java/lang/NoSuchMethodError'{0x00000007104e48b0}: 'java.lang.Object java.lang.invoke.DirectMethodHandle$Holder.invokeStaticInit(java.lang.Object, java.lang.Object, java.lang.Object, java.lang.Object, java.lang.Object, java.lang.Object, java.lang.Object)'> (0x00000007104e48b0) 
thrown [s\open\src\hotspot\share\interpreter\linkResolver.cpp, line 774]
Event: 2.258 Thread 0x0000027241383750 Exception <a 'java/lang/NoSuchMethodError'{0x00000007104edb38}: 'java.lang.Object java.lang.invoke.Invokers$Holder.invoke_MT(java.lang.Object, java.lang.Object, java.lang.Object, java.lang.Object, java.lang.Object, java.lang.Object, java.lang.Object, java.lang.Object, java.lang.Object, java.lang.Object)'> (0x00000007104edb38) 
thrown [s\open\src\hotspot\share\interpreter\linkResolver.cpp, line 774]
Event: 2.260 Thread 0x0000027241383750 Exception <a 'java/lang/NoSuchMethodError'{0x0000000710502300}: 'void java.lang.invoke.DelegatingMethodHandle$Holder.delegate(java.lang.Object, java.lang.Object, int, java.lang.Object)'> (0x0000000710502300) 
thrown [s\open\src\hotspot\share\interpreter\linkResolver.cpp, line 774]
Event: 2.264 Thread 0x0000027241383750 Exception <a 'java/lang/NoSuchMethodError'{0x0000000710527060}: 'int java.lang.invoke.DirectMethodHandle$Holder.invokeVirtual(java.lang.Object, java.lang.Object, java.lang.Object)'> (0x0000000710527060) 
thrown [s\open\src\hotspot\share\interpreter\linkResolver.cpp, line 774]
Event: 2.265 Thread 0x0000027241383750 Exception <a 'java/lang/NoSuchMethodError'{0x000000071052b910}: 'int java.lang.invoke.DirectMethodHandle$Holder.invokeStaticInit(java.lang.Object, int, int)'> (0x000000071052b910) 
thrown [s\open\src\hotspot\share\interpreter\linkResolver.cpp, line 774]
Event: 2.267 Thread 0x0000027241383750 Exception <a 'java/lang/NoSuchMethodError'{0x0000000710533348}: 'int java.lang.invoke.DirectMethodHandle$Holder.invokeStaticInit(java.lang.Object, long, long)'> (0x0000000710533348) 
thrown [s\open\src\hotspot\share\interpreter\linkResolver.cpp, line 774]
Event: 2.268 Thread 0x0000027241383750 Exception <a 'java/lang/NoSuchMethodError'{0x000000071053a320}: 'int java.lang.invoke.DirectMethodHandle$Holder.invokeStaticInit(java.lang.Object, float, float)'> (0x000000071053a320) 
thrown [s\open\src\hotspot\share\interpreter\linkResolver.cpp, line 774]
Event: 2.268 Thread 0x0000027241383750 Exception <a 'java/lang/NoSuchMethodError'{0x00000007105412f0}: 'int java.lang.invoke.DirectMethodHandle$Holder.invokeStaticInit(java.lang.Object, double, double)'> (0x00000007105412f0) 
thrown [s\open\src\hotspot\share\interpreter\linkResolver.cpp, line 774]
Event: 2.269 Thread 0x0000027241383750 Exception <a 'java/lang/NoSuchMethodError'{0x0000000710545da8}: 'int java.lang.invoke.DirectMethodHandle$Holder.invokeStatic(java.lang.Object, long)'> (0x0000000710545da8) 
thrown [s\open\src\hotspot\share\interpreter\linkResolver.cpp, line 774]
Event: 2.271 Thread 0x0000027241383750 Exception <a 'java/lang/NoSuchMethodError'{0x000000071055a3a8}: 'int java.lang.invoke.DirectMethodHandle$Holder.invokeSpecial(java.lang.Object, java.lang.Object, java.lang.Object, java.lang.Object)'> (0x000000071055a3a8) 
thrown [s\open\src\hotspot\share\interpreter\linkResolver.cpp, line 774]
Event: 2.273 Thread 0x0000027241383750 Exception <a 'java/lang/NoSuchMethodError'{0x000000071056f1c0}: 'java.lang.Object java.lang.invoke.DirectMethodHandle$Holder.invokeSpecial(java.lang.Object, java.lang.Object, int, java.lang.Object, java.lang.Object)'> (0x000000071056f1c0) 
thrown [s\open\src\hotspot\share\interpreter\linkResolver.cpp, line 774]
Event: 2.274 Thread 0x0000027241383750 Exception <a 'java/lang/NoSuchMethodError'{0x0000000710573350}: 'java.lang.Object java.lang.invoke.DelegatingMethodHandle$Holder.delegate(java.lang.Object, int, java.lang.Object, java.lang.Object)'> (0x0000000710573350) 
thrown [s\open\src\hotspot\share\interpreter\linkResolver.cpp, line 774]
Event: 2.278 Thread 0x0000027241383750 Exception <a 'java/lang/NoSuchMethodError'{0x0000000710582f58}: 'int java.lang.invoke.Invokers$Holder.linkToTargetMethod(java.lang.Object, java.lang.Object, java.lang.Object)'> (0x0000000710582f58) 
thrown [s\open\src\hotspot\share\interpreter\linkResolver.cpp, line 774]
Event: 2.364 Thread 0x0000027241383750 Exception <a 'sun/nio/fs/WindowsException'{0x0000000710097e18}> (0x0000000710097e18) 
thrown [s\open\src\hotspot\share\prims\jni.cpp, line 520]

ZGC Phase Switch (0 events):
No events

VM Operations (20 events):
Event: 0.922 Executing VM operation: HandshakeAllThreads (Deoptimize)
Event: 0.922 Executing VM operation: HandshakeAllThreads (Deoptimize) done
Event: 0.932 Executing VM operation: HandshakeAllThreads (Deoptimize)
Event: 0.932 Executing VM operation: HandshakeAllThreads (Deoptimize) done
Event: 0.963 Executing VM operation: HandshakeAllThreads (Deoptimize)
Event: 0.963 Executing VM operation: HandshakeAllThreads (Deoptimize) done
Event: 1.008 Executing VM operation: G1CollectForAllocation (G1 Evacuation Pause)
Event: 1.012 Executing VM operation: G1CollectForAllocation (G1 Evacuation Pause) done
Event: 1.143 Executing VM operation: HandshakeAllThreads (Deoptimize)
Event: 1.143 Executing VM operation: HandshakeAllThreads (Deoptimize) done
Event: 1.252 Executing VM operation: HandshakeAllThreads (Deoptimize)
Event: 1.252 Executing VM operation: HandshakeAllThreads (Deoptimize) done
Event: 2.256 Executing VM operation: Cleanup
Event: 2.256 Executing VM operation: Cleanup done
Event: 2.285 Executing VM operation: HandshakeAllThreads (Deoptimize)
Event: 2.285 Executing VM operation: HandshakeAllThreads (Deoptimize) done
Event: 2.286 Executing VM operation: HandshakeAllThreads (Deoptimize)
Event: 2.286 Executing VM operation: HandshakeAllThreads (Deoptimize) done
Event: 2.329 Executing VM operation: HandshakeAllThreads (Deoptimize)
Event: 2.329 Executing VM operation: HandshakeAllThreads (Deoptimize) done

Events (18 events):
Event: 0.041 Thread 0x0000027241383750 Thread added: 0x0000027241383750
Event: 0.060 Thread 0x0000027261d6d700 Thread added: 0x0000027261d6d700
Event: 0.060 Thread 0x0000027261d6e840 Thread added: 0x0000027261d6e840
Event: 0.061 Thread 0x0000027261d75210 Thread added: 0x0000027261d75210
Event: 0.061 Thread 0x0000027261d78130 Thread added: 0x0000027261d78130
Event: 0.061 Thread 0x0000027261d787a0 Thread added: 0x0000027261d787a0
Event: 0.061 Thread 0x0000027261d7d4a0 Thread added: 0x0000027261d7d4a0
Event: 0.061 Thread 0x0000027261d7ed80 Thread added: 0x0000027261d7ed80
Event: 0.061 Thread 0x0000027261d9b0f0 Thread added: 0x0000027261d9b0f0
Event: 0.208 Thread 0x00000272a70df1d0 Thread added: 0x00000272a70df1d0
Event: 0.270 Thread 0x00000272a722a670 Thread added: 0x00000272a722a670
Event: 0.270 Thread 0x00000272a7230f50 Thread added: 0x00000272a7230f50
Event: 0.382 Thread 0x00000272a73fd210 Thread added: 0x00000272a73fd210
Event: 1.143 Thread 0x00000272a73fd210 Thread exited: 0x00000272a73fd210
Event: 1.305 Thread 0x00000272a7f1cbd0 Thread added: 0x00000272a7f1cbd0
Event: 2.134 Thread 0x00000272a7f1cbd0 Thread exited: 0x00000272a7f1cbd0
Event: 2.227 Thread 0x00000272a8302ba0 Thread added: 0x00000272a8302ba0
Event: 2.307 Thread 0x00000272a84dbd60 Thread added: 0x00000272a84dbd60


Dynamic libraries:
0x00007ff747240000 - 0x00007ff74724e000 	C:\Users\VladislavV\.jdks\openjdk-22.0.1\bin\java.exe
0x00007fffff270000 - 0x00007fffff468000 	C:\WINDOWS\SYSTEM32\ntdll.dll
0x00007fffff0d0000 - 0x00007fffff18d000 	C:\WINDOWS\System32\KERNEL32.DLL
0x00007ffffc060000 - 0x00007ffffc356000 	C:\WINDOWS\System32\KERNELBASE.dll
0x00007ffffc400000 - 0x00007ffffc500000 	C:\WINDOWS\System32\ucrtbase.dll
0x00007fffe1870000 - 0x00007fffe188b000 	C:\Users\VladislavV\.jdks\openjdk-22.0.1\bin\VCRUNTIME140.dll
0x00007fffe17d0000 - 0x00007fffe17e7000 	C:\Users\VladislavV\.jdks\openjdk-22.0.1\bin\jli.dll
0x00007ffffcce0000 - 0x00007ffffce7f000 	C:\WINDOWS\System32\USER32.dll
0x00007fffe4740000 - 0x00007fffe49da000 	C:\WINDOWS\WinSxS\amd64_microsoft.windows.common-controls_6595b64144ccf1df_6.0.19041.4355_none_60b8b9eb71f62e16\COMCTL32.dll
0x00007ffffc770000 - 0x00007ffffc792000 	C:\WINDOWS\System32\win32u.dll
0x00007ffffcbc0000 - 0x00007ffffcc5e000 	C:\WINDOWS\System32\msvcrt.dll
0x00007ffffdfc0000 - 0x00007ffffdfeb000 	C:\WINDOWS\System32\GDI32.dll
0x00007ffffc7a0000 - 0x00007ffffc8b7000 	C:\WINDOWS\System32\gdi32full.dll
0x00007ffffc360000 - 0x00007ffffc3fd000 	C:\WINDOWS\System32\msvcp_win.dll
0x00007ffffedc0000 - 0x00007ffffedf2000 	C:\WINDOWS\System32\IMM32.DLL
0x00007fffe9f10000 - 0x00007fffe9f1c000 	C:\Users\VladislavV\.jdks\openjdk-22.0.1\bin\vcruntime140_1.dll
0x00007fffcca00000 - 0x00007fffcca8e000 	C:\Users\VladislavV\.jdks\openjdk-22.0.1\bin\msvcp140.dll
0x00007fffb0460000 - 0x00007fffb11a7000 	C:\Users\VladislavV\.jdks\openjdk-22.0.1\bin\server\jvm.dll
0x00007ffffe720000 - 0x00007ffffe7d0000 	C:\WINDOWS\System32\ADVAPI32.dll
0x00007ffffc8c0000 - 0x00007ffffc960000 	C:\WINDOWS\System32\sechost.dll
0x00007ffffc960000 - 0x00007ffffca83000 	C:\WINDOWS\System32\RPCRT4.dll
0x00007ffffc550000 - 0x00007ffffc577000 	C:\WINDOWS\System32\bcrypt.dll
0x00007fffff190000 - 0x00007fffff1fb000 	C:\WINDOWS\System32\WS2_32.dll
0x00007ffffbd50000 - 0x00007ffffbd9b000 	C:\WINDOWS\SYSTEM32\POWRPROF.dll
0x00007ffff59f0000 - 0x00007ffff59fa000 	C:\WINDOWS\SYSTEM32\VERSION.dll
0x00007fffee460000 - 0x00007fffee487000 	C:\WINDOWS\SYSTEM32\WINMM.dll
0x00007ffffbd30000 - 0x00007ffffbd42000 	C:\WINDOWS\SYSTEM32\UMPDC.dll
0x00007ffff9c90000 - 0x00007ffff9ca2000 	C:\WINDOWS\SYSTEM32\kernel.appcore.dll
0x00007fffe3970000 - 0x00007fffe397a000 	C:\Users\VladislavV\.jdks\openjdk-22.0.1\bin\jimage.dll
0x00007fffed8d0000 - 0x00007fffedab4000 	C:\WINDOWS\SYSTEM32\DBGHELP.DLL
0x00007fffd4ae0000 - 0x00007fffd4b14000 	C:\WINDOWS\SYSTEM32\dbgcore.DLL
0x00007ffffc5b0000 - 0x00007ffffc632000 	C:\WINDOWS\System32\bcryptPrimitives.dll
0x00007ffff65c0000 - 0x00007ffff65cf000 	C:\Users\VladislavV\.jdks\openjdk-22.0.1\bin\instrument.dll
0x00007fffdf7b0000 - 0x00007fffdf7ce000 	C:\Users\VladislavV\.jdks\openjdk-22.0.1\bin\java.dll
0x00007ffffd570000 - 0x00007ffffdcdb000 	C:\WINDOWS\System32\SHELL32.dll
0x00007ffffca90000 - 0x00007ffffcbbb000 	C:\WINDOWS\System32\ole32.dll
0x00007ffffcea0000 - 0x00007ffffd1f3000 	C:\WINDOWS\System32\combase.dll
0x00007ffff9f70000 - 0x00007ffffa70d000 	C:\WINDOWS\SYSTEM32\windows.storage.dll
0x00007ffffb770000 - 0x00007ffffb79e000 	C:\WINDOWS\SYSTEM32\Wldp.dll
0x00007ffffe540000 - 0x00007ffffe60d000 	C:\WINDOWS\System32\OLEAUT32.dll
0x00007ffffed10000 - 0x00007ffffedbd000 	C:\WINDOWS\System32\SHCORE.dll
0x00007ffffecb0000 - 0x00007ffffed05000 	C:\WINDOWS\System32\shlwapi.dll
0x00007ffffbe30000 - 0x00007ffffbe54000 	C:\WINDOWS\SYSTEM32\profapi.dll
0x00007fffbdcd0000 - 0x00007fffbdda7000 	C:\Users\VladislavV\.jdks\openjdk-22.0.1\bin\jsvml.dll
0x00007fffdde60000 - 0x00007fffdde77000 	C:\Users\VladislavV\.jdks\openjdk-22.0.1\bin\zip.dll
0x00007fffe1fd0000 - 0x00007fffe1fe0000 	C:\Users\VladislavV\.jdks\openjdk-22.0.1\bin\net.dll
0x00007ffffb550000 - 0x00007ffffb5ba000 	C:\WINDOWS\system32\mswsock.dll
0x00007fffde8b0000 - 0x00007fffde8c6000 	C:\Users\VladislavV\.jdks\openjdk-22.0.1\bin\nio.dll
0x00007fffe42a0000 - 0x00007fffe42ba000 	E:\IntelliJ IDEA Community Edition 2023.3.5\bin\breakgen64.dll
0x00007fffe1860000 - 0x00007fffe1869000 	C:\Users\VladislavV\.jdks\openjdk-22.0.1\bin\extnet.dll
0x00007fffd2f80000 - 0x00007fffd2f97000 	C:\WINDOWS\system32\napinsp.dll
0x00007fffd2f60000 - 0x00007fffd2f7b000 	C:\WINDOWS\system32\pnrpnsp.dll
0x00007fffcffd0000 - 0x00007fffcffe5000 	C:\WINDOWS\system32\wshbth.dll
0x00007ffff76b0000 - 0x00007ffff76cd000 	C:\WINDOWS\system32\NLAapi.dll
0x00007ffffb260000 - 0x00007ffffb29b000 	C:\WINDOWS\SYSTEM32\IPHLPAPI.DLL
0x00007ffffb2a0000 - 0x00007ffffb36b000 	C:\WINDOWS\SYSTEM32\DNSAPI.dll
0x00007ffffde90000 - 0x00007ffffde98000 	C:\WINDOWS\System32\NSI.dll
0x00007fffd2f20000 - 0x00007fffd2f32000 	C:\WINDOWS\System32\winrnr.dll
0x00000000651b0000 - 0x00000000651d6000 	C:\Program Files\Bonjour\mdnsNSP.dll
0x00007ffff0140000 - 0x00007ffff014a000 	C:\Windows\System32\rasadhlp.dll
0x00007ffff01d0000 - 0x00007ffff0250000 	C:\WINDOWS\System32\fwpuclnt.dll
0x00007ffff5980000 - 0x00007ffff598a000 	C:\Users\VladislavV\.jdks\openjdk-22.0.1\bin\management.dll
0x00007ffff5970000 - 0x00007ffff597b000 	C:\Users\VladislavV\.jdks\openjdk-22.0.1\bin\management_ext.dll
0x00007ffffee00000 - 0x00007ffffee08000 	C:\WINDOWS\System32\PSAPI.DLL

dbghelp: loaded successfully - version: 4.0.5 - missing functions: none
symbol engine: initialized successfully - sym options: 0x614 - pdb path: .;C:\Users\VladislavV\.jdks\openjdk-22.0.1\bin;C:\WINDOWS\SYSTEM32;C:\WINDOWS\WinSxS\amd64_microsoft.windows.common-controls_6595b64144ccf1df_6.0.19041.4355_none_60b8b9eb71f62e16;C:\Users\VladislavV\.jdks\openjdk-22.0.1\bin\server;E:\IntelliJ IDEA Community Edition 2023.3.5\bin;C:\Program Files\Bonjour

VM Arguments:
jvm_args: -ea --enable-preview -Didea.test.cyclic.buffer.size=1048576 -javaagent:E:\IntelliJ IDEA Community Edition 2023.3.5\lib\idea_rt.jar=62983:E:\IntelliJ IDEA Community Edition 2023.3.5\bin -Dfile.encoding=UTF-8 -Dsun.stdout.encoding=UTF-8 -Dsun.stderr.encoding=UTF-8 
java_command: com.intellij.rt.junit.JUnitStarter -ideVersion5 -junit5 MobileTests.Tests.LoginPageTests,correctLoginTest
java_class_path (initial): C:\Users\VladislavV\.m2\repository\org\junit\platform\junit-platform-launcher\1.10.2\junit-platform-launcher-1.10.2.jar;C:\Users\VladislavV\.m2\repository\org\junit\platform\junit-platform-engine\1.10.2\junit-platform-engine-1.10.2.jar;E:\IntelliJ IDEA Community Edition 2023.3.5\lib\idea_rt.jar;E:\IntelliJ IDEA Community Edition 2023.3.5\plugins\junit\lib\junit5-rt.jar;E:\IntelliJ IDEA Community Edition 2023.3.5\plugins\junit\lib\junit-rt.jar;C:\Users\VladislavV\IdeaProjects\Homework2\target\test-classes;C:\Users\VladislavV\IdeaProjects\Homework2\target\classes;C:\Users\VladislavV\.m2\repository\org\junit\jupiter\junit-jupiter-api\5.10.2\junit-jupiter-api-5.10.2.jar;C:\Users\VladislavV\.m2\repository\org\opentest4j\opentest4j\1.3.0\opentest4j-1.3.0.jar;C:\Users\VladislavV\.m2\repository\org\junit\platform\junit-platform-commons\1.10.2\junit-platform-commons-1.10.2.jar;C:\Users\VladislavV\.m2\repository\org\apiguardian\apiguardian-api\1.1.2\apiguardian-api-1.1.2.jar;C:\Users\VladislavV\.m2\repository\org\seleniumhq\selenium\selenium-java\4.20.0\selenium-java-4.20.0.jar;C:\Users\VladislavV\.m2\repository\org\seleniumhq\selenium\selenium-api\4.20.0\selenium-api-4.20.0.jar;C:\Users\VladislavV\.m2\repository\org\seleniumhq\selenium\selenium-chrome-driver\4.20.0\selenium-chrome-driver-4.20.0.jar;C:\Users\VladislavV\.m2\repository\com\google\auto\service\auto-service-annotations\1.1.1\auto-service-annotations-1.1.1.jar;C:\Users\VladislavV\.m2\repository\org\seleniumhq\selenium\selenium-chromium-driver\4.20.0\selenium-chromium-driver-4.20.0.jar;C:\Users\VladislavV\.m2\repository\org\seleniumhq\selenium\selenium-json\4.20.0\selenium-json-4.20.0.jar;C:\Users\VladislavV\.m2\repository\org\seleniumhq\selenium\selenium-manager\4.20.0\selenium-manager-4.20.0.jar;C:\Users\VladislavV\.m2\repository\org\seleniumhq\selenium\selenium-devtools-v122\4.20.0\selenium-devtools-v122-4.20.0.jar;C:\Users\VladislavV\.m2\repository\org\seleniumhq\selenium\selenium-devtools-v123\4.20.0\selenium-devtools-v123-4.20.0.jar;C:\Users\VladislavV\.m2\repository\org\seleniumhq\selenium\selenium-devtools-v124\4.20.0\selenium-devtools-v124-4.20.0.jar;C:\Users\VladislavV\.m2\repository\org\seleniumhq\selenium\selenium-devtools-v85\4.20.0\selenium-devtools-v85-4.20.0.jar;C:\Users\VladislavV\.m2\repository\org\seleniumhq\selenium\selenium-edge-driver\4.20.0\selenium-edge-driver-4.20.0.jar;C:\Users\VladislavV\.m2\repository\org\seleniumhq\selenium\selenium-firefox-driver\4.20.0\selenium-firefox-driver-4.20.0.jar;C:\Users\VladislavV\.m2\repository\org\seleniumhq\selenium\selenium-http\4.20.0\selenium-http-4.20.0.jar;C:\Users\VladislavV\.m2\repository\dev\failsafe\failsafe\3.3.2\failsafe-3.3.2.jar;C:\Users\VladislavV\.m2\repository\org\seleniumhq\selenium\selenium-ie-driver\4.20.0\selenium-ie-driver-4.20.0.jar;C:\Users\VladislavV\.m2\repository\org\seleniumhq\selenium\selenium-remote-driver\4.20.0\selenium-remote-driver-4.20.0.jar;C:\Users\VladislavV\.m2\repository\io\opentelemetry\semconv\opentelemetry-semconv\1.25.0-alpha\opentelemetry-semconv-1.25.0-alpha.jar;C:\Users\VladislavV\.m2\repository\io\opentelemetry\opentelemetry-api\1.37.0\opentelemetry-api-1.37.0.jar;C:\Users\VladislavV\.m2\repository\io\opentelemetry\opentelemetry-context\1.37.0\opentelemetry-context-1.37.0.jar;C:\Users\VladislavV\.m2\repository\io\opentelemetry\opentelemetry-exporter-logging\1.37.0\opentelemetry-exporter-logging-1.37.0.jar;C:\Users\VladislavV\.m2\repository\io\opentelemetry\opentelemetry-sdk-common\1.37.0\opentelemetry-sdk-common-1.37.0.jar;C:\Users\VladislavV\.m2\repository\io\opentelemetry\opentelemetry-sdk-extension-autoconfigure-spi\1.37.0\opentelemetry-sdk-extension-autoconfigure-spi-1.37.0.jar;C:\Users\VladislavV\.m2\repository\io\opentelemetry\opentelemetry-sdk-extension-autoconfigure\1.37.0\opentelemetry-sdk-extension-autoconfigure-1.37.0.jar;C:\Users\VladislavV\.m2\repository\io\opentelemetry\opentelemetry-api-incubator\1.37.0-alpha\opentelemetry-api-incubator-1.37.0-alpha.jar;C:\Users\VladislavV\.m2\repository\io\opentelemetry\opentelemetry-sdk-trace\1.37.0\opentelemetry-sdk-trace-1.37.0.jar;C:\Users\VladislavV\.m2\repository\io\opentelemetry\opentelemetry-sdk\1.37.0\opentelemetry-sdk-1.37.0.jar;C:\Users\VladislavV\.m2\repository\io\opentelemetry\opentelemetry-sdk-metrics\1.37.0\opentelemetry-sdk-metrics-1.37.0.jar;C:\Users\VladislavV\.m2\repository\io\opentelemetry\opentelemetry-sdk-logs\1.37.0\opentelemetry-sdk-logs-1.37.0.jar;C:\Users\VladislavV\.m2\repository\net\bytebuddy\byte-buddy\1.14.14\byte-buddy-1.14.14.jar;C:\Users\VladislavV\.m2\repository\org\seleniumhq\selenium\selenium-os\4.20.0\selenium-os-4.20.0.jar;C:\Users\VladislavV\.m2\repository\org\apache\commons\commons-exec\1.4.0\commons-exec-1.4.0.jar;C:\Users\VladislavV\.m2\repository\org\seleniumhq\selenium\selenium-safari-driver\4.20.0\selenium-safari-driver-4.20.0.jar;C:\Users\VladislavV\.m2\repository\org\seleniumhq\selenium\selenium-support\4.20.0\selenium-support-4.20.0.jar;C:\Users\VladislavV\.m2\repository\org\junit\jupiter\junit-jupiter-params\5.10.2\junit-jupiter-params-5.10.2.jar;C:\Users\VladislavV\.m2\repository\org\junit\jupiter\junit-jupiter-engine\5.9.2\junit-jupiter-engine-5.9.2.jar;C:\Users\VladislavV\.m2\repository\org\junit\platform\junit-platform-engine\1.9.2\junit-platform-engine-1.9.2.jar;C:\Users\VladislavV\.m2\repository\org\apache\maven\plugins\maven-compiler-plugin\3.13.0\maven-compiler-plugin-3.13.0.jar;C:\Users\VladislavV\.m2\repository\org\apache\maven\shared\maven-shared-utils\3.4.2\maven-shared-utils-3.4.2.jar;C:\Users\VladislavV\.m2\repository\org\apache\maven\shared\maven-shared-incremental\1.1\maven-shared-incremental-1.1.jar;C:\Users\VladislavV\.m2\repository\org\codehaus\plexus\plexus-java\1.2.0\plexus-java-1.2.0.jar;C:\Users\VladislavV\.m2\repository\org\ow2\asm\asm\9.6\asm-9.6.jar;C:\Users\VladislavV\.m2\repository\com\thoughtworks\qdox\qdox\2.0.3\qdox-2.0.3.jar;C:\Users\VladislavV\.m2\repository\org\codehaus\plexus\plexus-compiler-api\2.15.0\plexus-compiler-api-2.15.0.jar;C:\Users\VladislavV\.m2\repository\org\codehaus\plexus\plexus-compiler-manager\2.15.0\plexus-compiler-manager-2.15.0.jar;C:\Users\VladislavV\.m2\repository\javax\inject\javax.inject\1\javax.inject-1.jar;C:\Users\VladislavV\.m2\repository\org\codehaus\plexus\plexus-xml\3.0.0\plexus-xml-3.0.0.jar;C:\Users\VladislavV\.m2\repository\org\codehaus\plexus\plexus-compiler-javac\2.15.0\plexus-compiler-javac-2.15.0.jar;C:\Users\VladislavV\.m2\repository\org\codehaus\plexus\plexus-utils\4.0.0\plexus-utils-4.0.0.jar;C:\Users\VladislavV\.m2\repository\com\codeborne\selenide\7.2.2\selenide-7.2.2.jar;C:\Users\VladislavV\.m2\repository\org\slf4j\slf4j-api\2.0.12\slf4j-api-2.0.12.jar;C:\Users\VladislavV\.m2\repository\com\codeborne\selenide-core\7.2.2\selenide-core-7.2.2.jar;C:\Users\VladislavV\.m2\repository\com\google\guava\guava\33.1.0-jre\guava-33.1.0-jre.jar;C:\Users\VladislavV\.m2\repository\com\google\guava\failureaccess\1.0.2\failureaccess-1.0.2.jar;C:\Users\VladislavV\.m2\repository\com\google\guava\listenablefuture\9999.0-empty-to-avoid-conflict-with-guava\listenablefuture-9999.0-empty-to-avoid-conflict-with-guava.jar;C:\Users\VladislavV\.m2\repository\com\google\code\findbugs\jsr305\3.0.2\jsr305-3.0.2.jar;C:\Users\VladislavV\.m2\repository\org\checkerframework\checker-qual\3.42.0\checker-qual-3.42.0.jar;C:\Users\VladislavV\.m2\repository\com\google\errorprone\error_prone_annotations\2.26.1\error_prone_annotations-2.26.1.jar;C:\Users\VladislavV\.m2\repository\com\google\j2objc\j2objc-annotations\3.0.0\j2objc-annotations-3.0.0.jar;C:\Users\VladislavV\.m2\repository\org\apache\commons\commons-lang3\3.14.0\commons-lang3-3.14.0.jar;C:\Users\VladislavV\.m2\repository\commons-io\commons-io\2.15.1\commons-io-2.15.1.jar;C:\Users\VladislavV\.m2\repository\org\apache\cassandra\cassandra-all\0.8.1\cassandra-all-0.8.1.jar;C:\Users\VladislavV\.m2\repository\commons-cli\commons-cli\1.1\commons-cli-1.1.jar;C:\Users\VladislavV\.m2\repository\commons-codec\commons-codec\1.2\commons-codec-1.2.jar;C:\Users\VladislavV\.m2\repository\commons-collections\commons-collections\3.2.1\commons-collections-3.2.1.jar;C:\Users\VladislavV\.m2\repository\commons-lang\commons-lang\2.4\commons-lang-2.4.jar;C:\Users\VladislavV\.m2\repository\com\googlecode\concurrentlinkedhashmap\concurrentlinkedhashmap-lru\1.1\concurrentlinkedhashmap-lru-1.1.jar;C:\Users\VladislavV\.m2\repository\org\antlr\antlr\3.2\antlr-3.2.jar;C:\Users\VladislavV\.m2\repository\org\antlr\antlr-runtime\3.2\antlr-runtime-3.2.jar;C:\Users\VladislavV\.m2\repository\org\antlr\stringtemplate\3.2\stringtemplate-3.2.jar;C:\Users\VladislavV\.m2\repository\antlr\antlr\2.7.7\antlr-2.7.7.jar;C:\Users\VladislavV\.m2\repository\org\apache\cassandra\deps\avro\1.4.0-cassandra-1\avro-1.4.0-cassandra-1.jar;C:\Users\VladislavV\.m2\repository\org\mortbay\jetty\jetty\6.1.22\jetty-6.1.22.jar;C:\Users\VladislavV\.m2\repository\org\mortbay\jetty\jetty-util\6.1.22\jetty-util-6.1.22.jar;C:\Users\VladislavV\.m2\repository\org\mortbay\jetty\servlet-api\2.5-20081211\servlet-api-2.5-20081211.jar;C:\Users\VladislavV\.m2\repository\org\codehaus\jackson\jackson-core-asl\1.4.0\jackson-core-asl-1.4.0.jar;C:\Users\VladislavV\.m2\repository\org\codehaus\jackson\jackson-mapper-asl\1.4.0\jackson-mapper-asl-1.4.0.jar;C:\Users\VladislavV\.m2\repository\jline\jline\0.9.94\jline-0.9.94.jar;C:\Users\VladislavV\.m2\repository\com\googlecode\json-simple\json-simple\1.1\json-simple-1.1.jar;C:\Users\VladislavV\.m2\repository\com\github\stephenc\high-scale-lib\high-scale-lib\1.1.2\high-scale-lib-1.1.2.jar;C:\Users\VladislavV\.m2\repository\org\yaml\snakeyaml\1.6\snakeyaml-1.6.jar;C:\Users\VladislavV\.m2\repository\org\apache\thrift\libthrift\0.6.1\libthrift-0.6.1.jar;C:\Users\VladislavV\.m2\repository\junit\junit\4.4\junit-4.4.jar;C:\Users\VladislavV\.m2\repository\javax\servlet\servlet-api\2.5\servlet-api-2.5.jar;C:\Users\VladislavV\.m2\repository\org\apache\httpcomponents\httpclient\4.0.1\httpclient-4.0.1.jar;C:\Users\VladislavV\.m2\repository\org\apache\httpcomponents\httpcore\4.0.1\httpcore-4.0.1.jar;C:\Users\VladislavV\.m2\repository\commons-logging\commons-logging\1.1.1\commons-logging-1.1.1.jar;C:\Users\VladislavV\.m2\repository\org\apache\cassandra\cassandra-thrift\0.8.1\cassandra-thrift-0.8.1.jar;C:\Users\VladislavV\.m2\repository\com\github\stephenc\jamm\0.2.2\jamm-0.2.2.jar;C:\Users\VladislavV\.m2\repository\org\assertj\assertj-core\3.14.0\assertj-core-3.14.0.jar;C:\Users\VladislavV\.m2\repository\io\github\bonigarcia\webdrivermanager\5.6.0\webdrivermanager-5.6.0.jar;C:\Users\VladislavV\.m2\repository\com\google\code\gson\gson\2.10.1\gson-2.10.1.jar;C:\Users\VladislavV\.m2\repository\com\github\docker-java\docker-java\3.3.3\docker-java-3.3.3.jar;C:\Users\VladislavV\.m2\repository\com\github\docker-java\docker-java-core\3.3.3\docker-java-core-3.3.3.jar;C:\Users\VladislavV\.m2\repository\com\github\docker-java\docker-java-api\3.3.3\docker-java-api-3.3.3.jar;C:\Users\VladislavV\.m2\repository\com\fasterxml\jackson\core\jackson-annotations\2.10.3\jackson-annotations-2.10.3.jar;C:\Users\VladislavV\.m2\repository\com\fasterxml\jackson\core\jackson-databind\2.10.3\jackson-databind-2.10.3.jar;C:\Users\VladislavV\.m2\repository\com\fasterxml\jackson\core\jackson-core\2.10.3\jackson-core-2.10.3.jar;C:\Users\VladislavV\.m2\repository\org\bouncycastle\bcpkix-jdk18on\1.75\bcpkix-jdk18on-1.75.jar;C:\Users\VladislavV\.m2\repository\org\bouncycastle\bcprov-jdk18on\1.75\bcprov-jdk18on-1.75.jar;C:\Users\VladislavV\.m2\repository\org\bouncycastle\bcutil-jdk18on\1.75\bcutil-jdk18on-1.75.jar;C:\Users\VladislavV\.m2\repository\org\slf4j\jcl-over-slf4j\1.7.30\jcl-over-slf4j-1.7.30.jar;C:\Users\VladislavV\.m2\repository\com\github\docker-java\docker-java-transport-httpclient5\3.3.3\docker-java-transport-httpclient5-3.3.3.jar;C:\Users\VladislavV\.m2\repository\com\github\docker-java\docker-java-transport\3.3.3\docker-java-transport-3.3.3.jar;C:\Users\VladislavV\.m2\repository\net\java\dev\jna\jna\5.12.1\jna-5.12.1.jar;C:\Users\VladislavV\.m2\repository\org\brotli\dec\0.1.2\dec-0.1.2.jar;C:\Users\VladislavV\.m2\repository\org\apache\commons\commons-compress\1.24.0\commons-compress-1.24.0.jar;C:\Users\VladislavV\.m2\repository\org\apache\httpcomponents\client5\httpclient5\5.2.1\httpclient5-5.2.1.jar;C:\Users\VladislavV\.m2\repository\org\apache\httpcomponents\core5\httpcore5\5.2\httpcore5-5.2.jar;C:\Users\VladislavV\.m2\repository\org\apache\httpcomponents\core5\httpcore5-h2\5.2\httpcore5-h2-5.2.jar;C:\Users\VladislavV\.m2\repository\org\testng\testng\7.10.2\testng-7.10.2.jar;C:\Users\VladislavV\.m2\repository\com\beust\jcommander\1.82\jcommander-1.82.jar;C:\Users\VladislavV\.m2\repository\org\webjars\jquery\3.7.1\jquery-3.7.1.jar
Launcher Type: SUN_STANDARD

[Global flags]
     intx CICompilerCount                          = 3                                         {product} {ergonomic}
     uint ConcGCThreads                            = 1                                         {product} {ergonomic}
     uint G1ConcRefinementThreads                  = 4                                         {product} {ergonomic}
   size_t G1HeapRegionSize                         = 2097152                                   {product} {ergonomic}
   size_t InitialHeapSize                          = 268435456                                 {product} {ergonomic}
   size_t MarkStackSize                            = 4194304                                   {product} {ergonomic}
   size_t MaxHeapSize                              = 4280287232                                {product} {ergonomic}
   size_t MaxNewSize                               = 2566914048                                {product} {ergonomic}
   size_t MinHeapDeltaBytes                        = 2097152                                   {product} {ergonomic}
   size_t MinHeapSize                              = 8388608                                   {product} {ergonomic}
    uintx NonNMethodCodeHeapSize                   = 5832780                                {pd product} {ergonomic}
    uintx NonProfiledCodeHeapSize                  = 122912730                              {pd product} {ergonomic}
    uintx ProfiledCodeHeapSize                     = 122912730                              {pd product} {ergonomic}
    uintx ReservedCodeCacheSize                    = 251658240                              {pd product} {ergonomic}
     bool SegmentedCodeCache                       = true                                      {product} {ergonomic}
   size_t SoftMaxHeapSize                          = 4280287232                             {manageable} {ergonomic}
     bool UseCompressedOops                        = true                           {product lp64_product} {ergonomic}
     bool UseG1GC                                  = true                                      {product} {ergonomic}
     bool UseLargePagesIndividualAllocation        = false                                  {pd product} {ergonomic}

Logging:
Log output configuration:
 #0: stdout all=warning uptime,level,tags foldmultilines=false
 #1: stderr all=off uptime,level,tags foldmultilines=false

Environment Variables:
JAVA_HOME=C:\Program Files\Java\jdk-22
PATH=C:\Python312\Scripts\;C:\Python312\;C:\Windows\system32;C:\Windows;C:\Windows\System32\Wbem;C:\Windows\System32\WindowsPowerShell\v1.0\;C:\Program Files (x86)\NVIDIA Corporation\PhysX\Common;C:\WINDOWS\system32;C:\WINDOWS;C:\WINDOWS\System32\Wbem;C:\WINDOWS\System32\WindowsPowerShell\v1.0\;C:\WINDOWS\System32\OpenSSH\;C:\Program Files\cURL\bin;C:\Users\VladislavV\adb\platform-tools;C:\Program Files\NVIDIA Corporation\NVIDIA NvDLISR;C:\webdrivers;C:\ProgramData\chocolatey\bin;C:\Program Files\Git\cmd;C:\Program Files\nodejs\;E:\IntelliJ IDEA Community Edition 2023.3.5\bin;C:\apache-maven-3.9.6\bin;C:\Users\VladislavV\AppData\Local\Microsoft\WindowsApps;E:\IntelliJ IDEA 2023.3.4\bin;;E:\IntelliJ IDEA Community Edition 2023.3.5\bin;;C:\Users\VladislavV\AppData\Local\GitHubDesktop\bin;E:\Microsoft VS Code\bin;C:\Users\VladislavV\AppData\Roaming\npm
USERNAME=VladislavV
OS=Windows_NT
PROCESSOR_IDENTIFIER=Intel64 Family 6 Model 158 Stepping 11, GenuineIntel
TMP=C:\Users\VLADIS~1\AppData\Local\Temp
TEMP=C:\Users\VLADIS~1\AppData\Local\Temp




Periodic native trim disabled

---------------  S Y S T E M  ---------------

OS:
 Windows 10 , 64 bit Build 19041 (10.0.19041.3636)
OS uptime: 0 days 11:13 hours
Hyper-V role detected

CPU: total 4 (initial active 4) (4 cores per cpu, 1 threads per core) family 6 model 158 stepping 11 microcode 0xb4, cx8, cmov, fxsr, mmx, 3dnowpref, sse, sse2, sse3, ssse3, sse4.1, sse4.2, popcnt, lzcnt, tsc, tscinvbit, avx, avx2, aes, erms, clmul, bmi1, bmi2, adx, fma, vzeroupper, clflush, clflushopt, hv, rdtscp, f16c
Processor Information for all 4 processors :
  Max Mhz: 3600, Current Mhz: 3600, Mhz Limit: 3600

Memory: 4k page, system-wide physical 16326M (4565M free)
TotalPageFile size 18374M (AvailPageFile size 5M)
current process WorkingSet (physical memory assigned to process): 101M, peak: 101M
current process commit charge ("private bytes"): 368M, peak: 369M

vm_info: OpenJDK 64-Bit Server VM (22.0.1+8-16) for windows-amd64 JRE (22.0.1+8-16), built on 2024-03-12T10:33:16Z by "mach5one" with MS VC++ 17.6 (VS2022)

END.
