#
# There is insufficient memory for the Java Runtime Environment to continue.
# Native memory allocation (malloc) failed to allocate 1035136 bytes. Error detail: Chunk::new
# Possible reasons:
#   The system is out of physical RAM or swap space
#   This process is running with CompressedOops enabled, and the Java Heap may be blocking the growth of the native heap
# Possible solutions:
#   Reduce memory load on the system
#   Increase physical memory or swap space
#   Check if swap backing store is full
#   Decrease Java heap size (-Xmx/-Xms)
#   Decrease number of Java threads
#   Decrease Java thread stack sizes (-Xss)
#   Set larger code cache with -XX:ReservedCodeCacheSize=
#   JVM is running with Zero Based Compressed Oops mode in which the Java heap is
#     placed in the first 32GB address space. The Java Heap base address is the
#     maximum limit for the native heap growth. Please use -XX:HeapBaseMinAddress
#     to set the Java Heap base and to place the Java Heap above 32GB virtual address.
# This output file may be truncated or incomplete.
#
#  Out of Memory Error (arena.cpp:150), pid=15432, tid=8260
#
# JRE version: OpenJDK Runtime Environment (22.0.1+8) (build 22.0.1+8-16)
# Java VM: OpenJDK 64-Bit Server VM (22.0.1+8-16, mixed mode, sharing, tiered, compressed oops, compressed class ptrs, g1 gc, windows-amd64)
# No core dump will be written. Minidumps are not enabled by default on client versions of Windows
#

---------------  S U M M A R Y ------------

Command Line: -ea --enable-preview -Didea.test.cyclic.buffer.size=1048576 -javaagent:E:\IntelliJ IDEA Community Edition 2023.3.5\lib\idea_rt.jar=62960:E:\IntelliJ IDEA Community Edition 2023.3.5\bin -Dfile.encoding=UTF-8 -Dsun.stdout.encoding=UTF-8 -Dsun.stderr.encoding=UTF-8 com.intellij.rt.junit.JUnitStarter -ideVersion5 -junit5 MobileTests.Tests.LoginPageTests,correctLoginTest

Host: Intel(R) Core(TM) i3-9100F CPU @ 3.60GHz, 4 cores, 15G,  Windows 10 , 64 bit Build 19041 (10.0.19041.3636)
Time: Mon May 27 21:41:58 2024 RTZ 2 (s 10 , 64 bit Build 19041 (10.0.19041.3636) elapsed time: 2.667361 seconds (0d 0h 0m 2s)

---------------  T H R E A D  ---------------

Current thread (0x0000027c3291a350):  JavaThread "C2 CompilerThread0" daemon [_thread_in_native, id=8260, stack(0x000000d435100000,0x000000d435200000) (1024K)]


Current CompileTask:
C2:2667 1609       4       java.lang.invoke.MethodType::methodType (69 bytes)

Stack: [0x000000d435100000,0x000000d435200000]
Native frames: (J=compiled Java code, j=interpreted, Vv=VM code, C=native code)
V  [jvm.dll+0x6e2279]  (no source info available)
V  [jvm.dll+0x874e33]  (no source info available)
V  [jvm.dll+0x87725e]  (no source info available)
V  [jvm.dll+0x877933]  (no source info available)
V  [jvm.dll+0x27fd76]  (no source info available)
V  [jvm.dll+0xc3d0f]  (no source info available)
V  [jvm.dll+0xc3f6b]  (no source info available)
V  [jvm.dll+0x2f3c2f]  (no source info available)
V  [jvm.dll+0x60bc9a]  (no source info available)
V  [jvm.dll+0x250db2]  (no source info available)
V  [jvm.dll+0x24949c]  (no source info available)
V  [jvm.dll+0x246ec6]  (no source info available)
V  [jvm.dll+0x1c4e90]  (no source info available)
V  [jvm.dll+0x2569fe]  (no source info available)
V  [jvm.dll+0x254cba]  (no source info available)
V  [jvm.dll+0x3f5336]  (no source info available)
V  [jvm.dll+0x81d44b]  (no source info available)
V  [jvm.dll+0x6e0915]  (no source info available)
C  [ucrtbase.dll+0x21bb2]  (no source info available)
C  [KERNEL32.DLL+0x17344]  (no source info available)
C  [ntdll.dll+0x526b1]  (no source info available)


---------------  P R O C E S S  ---------------

Threads class SMR info:
_java_thread_list=0x0000027c78c10810, length=14, elements={
0x0000027c14112b70, 0x0000027c3290e200, 0x0000027c3290ef20, 0x0000027c32915290,
0x0000027c32915cf0, 0x0000027c32916750, 0x0000027c329171b0, 0x0000027c3291a350,
0x0000027c32a68070, 0x0000027c328db5d0, 0x0000027c32cac190, 0x0000027c32cac800,
0x0000027c78c2b540, 0x0000027c78d54660
}

Java Threads: ( => current thread )
  0x0000027c14112b70 JavaThread "main"                              [_thread_in_Java, id=3600, stack(0x000000d434300000,0x000000d434400000) (1024K)]
  0x0000027c3290e200 JavaThread "Reference Handler"          daemon [_thread_blocked, id=15876, stack(0x000000d434b00000,0x000000d434c00000) (1024K)]
  0x0000027c3290ef20 JavaThread "Finalizer"                  daemon [_thread_blocked, id=11924, stack(0x000000d434c00000,0x000000d434d00000) (1024K)]
  0x0000027c32915290 JavaThread "Signal Dispatcher"          daemon [_thread_blocked, id=13660, stack(0x000000d434d00000,0x000000d434e00000) (1024K)]
  0x0000027c32915cf0 JavaThread "Attach Listener"            daemon [_thread_blocked, id=11600, stack(0x000000d434e00000,0x000000d434f00000) (1024K)]
  0x0000027c32916750 JavaThread "Service Thread"             daemon [_thread_blocked, id=8320, stack(0x000000d434f00000,0x000000d435000000) (1024K)]
  0x0000027c329171b0 JavaThread "Monitor Deflation Thread"   daemon [_thread_blocked, id=4676, stack(0x000000d435000000,0x000000d435100000) (1024K)]
=>0x0000027c3291a350 JavaThread "C2 CompilerThread0"         daemon [_thread_in_native, id=8260, stack(0x000000d435100000,0x000000d435200000) (1024K)]
  0x0000027c32a68070 JavaThread "C1 CompilerThread0"         daemon [_thread_in_native, id=15976, stack(0x000000d435200000,0x000000d435300000) (1024K)]
  0x0000027c328db5d0 JavaThread "Common-Cleaner"             daemon [_thread_blocked, id=16012, stack(0x000000d435300000,0x000000d435400000) (1024K)]
  0x0000027c32cac190 JavaThread "Monitor Ctrl-Break"         daemon [_thread_in_native, id=14736, stack(0x000000d435400000,0x000000d435500000) (1024K)]
  0x0000027c32cac800 JavaThread "Notification Thread"        daemon [_thread_blocked, id=4560, stack(0x000000d435500000,0x000000d435600000) (1024K)]
  0x0000027c78c2b540 JavaThread "ForkJoinPool.commonPool-worker-1" daemon [_thread_blocked, id=16888, stack(0x000000d435600000,0x000000d435700000) (1024K)]
  0x0000027c78d54660 JavaThread "C2 CompilerThread1"         daemon [_thread_blocked, id=5644, stack(0x000000d435a00000,0x000000d435b00000) (1024K)]
Total: 14

Other Threads:
  0x0000027c328f4e50 VMThread "VM Thread"                           [id=15424, stack(0x000000d434a00000,0x000000d434b00000) (1024K)]
  0x0000027c328da8c0 WatcherThread "VM Periodic Task Thread"        [id=7668, stack(0x000000d434900000,0x000000d434a00000) (1024K)]
  0x0000027c14178270 WorkerThread "GC Thread#0"                     [id=10104, stack(0x000000d434400000,0x000000d434500000) (1024K)]
  0x0000027c7837e520 WorkerThread "GC Thread#1"                     [id=664, stack(0x000000d435700000,0x000000d435800000) (1024K)]
  0x0000027c7841bf50 WorkerThread "GC Thread#2"                     [id=12172, stack(0x000000d435800000,0x000000d435900000) (1024K)]
  0x0000027c7841c300 WorkerThread "GC Thread#3"                     [id=13184, stack(0x000000d435900000,0x000000d435a00000) (1024K)]
  0x0000027c1418a330 ConcurrentGCThread "G1 Main Marker"            [id=4080, stack(0x000000d434500000,0x000000d434600000) (1024K)]
  0x0000027c1418b5e0 WorkerThread "G1 Conc#0"                       [id=7528, stack(0x000000d434600000,0x000000d434700000) (1024K)]
  0x0000027c141cd4d0 ConcurrentGCThread "G1 Refine#0"               [id=5772, stack(0x000000d434700000,0x000000d434800000) (1024K)]
  0x0000027c3279aa90 ConcurrentGCThread "G1 Service"                [id=7936, stack(0x000000d434800000,0x000000d434900000) (1024K)]
Total: 10

Threads with active compile tasks:
C2 CompilerThread0  2805 1609       4       java.lang.invoke.MethodType::methodType (69 bytes)
C1 CompilerThread0  2805 1869       3       sun.security.util.DerOutputStream::write (28 bytes)
Total: 2

VM state: not at safepoint (normal execution)

VM Mutex/Monitor currently owned by a thread: None

Heap address: 0x0000000700e00000, size: 4082 MB, Compressed Oops mode: Zero based, Oop shift amount: 3

CDS archive(s) mapped at: [0x0000027c33000000-0x0000027c33c50000-0x0000027c33c50000), size 12910592, SharedBaseAddress: 0x0000027c33000000, ArchiveRelocationMode: 1.
Compressed class space mapped at: 0x0000027c34000000-0x0000027c74000000, reserved size: 1073741824
Narrow klass base: 0x0000027c33000000, Narrow klass shift: 0, Narrow klass range: 0x41000000

GC Precious Log:
 CardTable entry size: 512
 Card Set container configuration: InlinePtr #cards 4 size 8 Array Of Cards #cards 16 size 48 Howl #buckets 8 coarsen threshold 3686 Howl Bitmap #cards 512 size 80 coarsen threshold 460 Card regions per heap region 1 cards per card region 4096
 CPUs: 4 total, 4 available
 Memory: 16326M
 Large Page Support: Disabled
 NUMA Support: Disabled
 Compressed Oops: Enabled (Zero based)
 Heap Region Size: 2M
 Heap Min Capacity: 8M
 Heap Initial Capacity: 256M
 Heap Max Capacity: 4082M
 Pre-touch: Disabled
 Parallel Workers: 4
 Concurrent Workers: 1
 Concurrent Refinement Workers: 4
 Periodic GC: Disabled

Heap:
 garbage-first heap   total reserved 4179968K, committed 262144K, used 20939K [0x0000000700e00000, 0x0000000800000000)
  region size 2048K, 9 young (18432K), 1 survivors (2048K)
 Metaspace       used 11165K, committed 11456K, reserved 1114112K
  class space    used 1380K, committed 1472K, reserved 1048576K

Heap Regions: E=young(eden), S=young(survivor), O=old, HS=humongous(starts), HC=humongous(continues), CS=collection set, F=free, TAMS=top-at-mark-start, PB=parsable bottom
|   0|0x0000000700e00000, 0x0000000701000000, 0x0000000701000000|100%| O|  |TAMS 0x0000000700e00000| PB 0x0000000700e00000| Untracked |  0
|   1|0x0000000701000000, 0x0000000701200000, 0x0000000701200000|100%| O|  |TAMS 0x0000000701000000| PB 0x0000000701000000| Untracked |  0
|   2|0x0000000701200000, 0x00000007013a2b40, 0x0000000701400000| 81%| O|  |TAMS 0x0000000701200000| PB 0x0000000701200000| Untracked |  0
|   3|0x0000000701400000, 0x0000000701400000, 0x0000000701600000|  0%| F|  |TAMS 0x0000000701400000| PB 0x0000000701400000| Untracked |  0
|   4|0x0000000701600000, 0x0000000701600000, 0x0000000701800000|  0%| F|  |TAMS 0x0000000701600000| PB 0x0000000701600000| Untracked |  0
|   5|0x0000000701800000, 0x0000000701800000, 0x0000000701a00000|  0%| F|  |TAMS 0x0000000701800000| PB 0x0000000701800000| Untracked |  0
|   6|0x0000000701a00000, 0x0000000701a00000, 0x0000000701c00000|  0%| F|  |TAMS 0x0000000701a00000| PB 0x0000000701a00000| Untracked |  0
|   7|0x0000000701c00000, 0x0000000701c00000, 0x0000000701e00000|  0%| F|  |TAMS 0x0000000701c00000| PB 0x0000000701c00000| Untracked |  0
|   8|0x0000000701e00000, 0x0000000701e00000, 0x0000000702000000|  0%| F|  |TAMS 0x0000000701e00000| PB 0x0000000701e00000| Untracked |  0
|   9|0x0000000702000000, 0x0000000702000000, 0x0000000702200000|  0%| F|  |TAMS 0x0000000702000000| PB 0x0000000702000000| Untracked |  0
|  10|0x0000000702200000, 0x0000000702200000, 0x0000000702400000|  0%| F|  |TAMS 0x0000000702200000| PB 0x0000000702200000| Untracked |  0
|  11|0x0000000702400000, 0x0000000702400000, 0x0000000702600000|  0%| F|  |TAMS 0x0000000702400000| PB 0x0000000702400000| Untracked |  0
|  12|0x0000000702600000, 0x0000000702600000, 0x0000000702800000|  0%| F|  |TAMS 0x0000000702600000| PB 0x0000000702600000| Untracked |  0
|  13|0x0000000702800000, 0x0000000702800000, 0x0000000702a00000|  0%| F|  |TAMS 0x0000000702800000| PB 0x0000000702800000| Untracked |  0
|  14|0x0000000702a00000, 0x0000000702a00000, 0x0000000702c00000|  0%| F|  |TAMS 0x0000000702a00000| PB 0x0000000702a00000| Untracked |  0
|  15|0x0000000702c00000, 0x0000000702c00000, 0x0000000702e00000|  0%| F|  |TAMS 0x0000000702c00000| PB 0x0000000702c00000| Untracked |  0
|  16|0x0000000702e00000, 0x0000000702e00000, 0x0000000703000000|  0%| F|  |TAMS 0x0000000702e00000| PB 0x0000000702e00000| Untracked |  0
|  17|0x0000000703000000, 0x0000000703000000, 0x0000000703200000|  0%| F|  |TAMS 0x0000000703000000| PB 0x0000000703000000| Untracked |  0
|  18|0x0000000703200000, 0x0000000703200000, 0x0000000703400000|  0%| F|  |TAMS 0x0000000703200000| PB 0x0000000703200000| Untracked |  0
|  19|0x0000000703400000, 0x0000000703400000, 0x0000000703600000|  0%| F|  |TAMS 0x0000000703400000| PB 0x0000000703400000| Untracked |  0
|  20|0x0000000703600000, 0x0000000703600000, 0x0000000703800000|  0%| F|  |TAMS 0x0000000703600000| PB 0x0000000703600000| Untracked |  0
|  21|0x0000000703800000, 0x0000000703800000, 0x0000000703a00000|  0%| F|  |TAMS 0x0000000703800000| PB 0x0000000703800000| Untracked |  0
|  22|0x0000000703a00000, 0x0000000703a00000, 0x0000000703c00000|  0%| F|  |TAMS 0x0000000703a00000| PB 0x0000000703a00000| Untracked |  0
|  23|0x0000000703c00000, 0x0000000703c00000, 0x0000000703e00000|  0%| F|  |TAMS 0x0000000703c00000| PB 0x0000000703c00000| Untracked |  0
|  24|0x0000000703e00000, 0x0000000703e00000, 0x0000000704000000|  0%| F|  |TAMS 0x0000000703e00000| PB 0x0000000703e00000| Untracked |  0
|  25|0x0000000704000000, 0x0000000704000000, 0x0000000704200000|  0%| F|  |TAMS 0x0000000704000000| PB 0x0000000704000000| Untracked |  0
|  26|0x0000000704200000, 0x0000000704200000, 0x0000000704400000|  0%| F|  |TAMS 0x0000000704200000| PB 0x0000000704200000| Untracked |  0
|  27|0x0000000704400000, 0x0000000704400000, 0x0000000704600000|  0%| F|  |TAMS 0x0000000704400000| PB 0x0000000704400000| Untracked |  0
|  28|0x0000000704600000, 0x0000000704600000, 0x0000000704800000|  0%| F|  |TAMS 0x0000000704600000| PB 0x0000000704600000| Untracked |  0
|  29|0x0000000704800000, 0x0000000704800000, 0x0000000704a00000|  0%| F|  |TAMS 0x0000000704800000| PB 0x0000000704800000| Untracked |  0
|  30|0x0000000704a00000, 0x0000000704a00000, 0x0000000704c00000|  0%| F|  |TAMS 0x0000000704a00000| PB 0x0000000704a00000| Untracked |  0
|  31|0x0000000704c00000, 0x0000000704c00000, 0x0000000704e00000|  0%| F|  |TAMS 0x0000000704c00000| PB 0x0000000704c00000| Untracked |  0
|  32|0x0000000704e00000, 0x0000000704e00000, 0x0000000705000000|  0%| F|  |TAMS 0x0000000704e00000| PB 0x0000000704e00000| Untracked |  0
|  33|0x0000000705000000, 0x0000000705000000, 0x0000000705200000|  0%| F|  |TAMS 0x0000000705000000| PB 0x0000000705000000| Untracked |  0
|  34|0x0000000705200000, 0x0000000705200000, 0x0000000705400000|  0%| F|  |TAMS 0x0000000705200000| PB 0x0000000705200000| Untracked |  0
|  35|0x0000000705400000, 0x0000000705400000, 0x0000000705600000|  0%| F|  |TAMS 0x0000000705400000| PB 0x0000000705400000| Untracked |  0
|  36|0x0000000705600000, 0x0000000705600000, 0x0000000705800000|  0%| F|  |TAMS 0x0000000705600000| PB 0x0000000705600000| Untracked |  0
|  37|0x0000000705800000, 0x0000000705800000, 0x0000000705a00000|  0%| F|  |TAMS 0x0000000705800000| PB 0x0000000705800000| Untracked |  0
|  38|0x0000000705a00000, 0x0000000705a00000, 0x0000000705c00000|  0%| F|  |TAMS 0x0000000705a00000| PB 0x0000000705a00000| Untracked |  0
|  39|0x0000000705c00000, 0x0000000705c00000, 0x0000000705e00000|  0%| F|  |TAMS 0x0000000705c00000| PB 0x0000000705c00000| Untracked |  0
|  40|0x0000000705e00000, 0x0000000705e00000, 0x0000000706000000|  0%| F|  |TAMS 0x0000000705e00000| PB 0x0000000705e00000| Untracked |  0
|  41|0x0000000706000000, 0x0000000706000000, 0x0000000706200000|  0%| F|  |TAMS 0x0000000706000000| PB 0x0000000706000000| Untracked |  0
|  42|0x0000000706200000, 0x0000000706200000, 0x0000000706400000|  0%| F|  |TAMS 0x0000000706200000| PB 0x0000000706200000| Untracked |  0
|  43|0x0000000706400000, 0x0000000706400000, 0x0000000706600000|  0%| F|  |TAMS 0x0000000706400000| PB 0x0000000706400000| Untracked |  0
|  44|0x0000000706600000, 0x0000000706600000, 0x0000000706800000|  0%| F|  |TAMS 0x0000000706600000| PB 0x0000000706600000| Untracked |  0
|  45|0x0000000706800000, 0x0000000706800000, 0x0000000706a00000|  0%| F|  |TAMS 0x0000000706800000| PB 0x0000000706800000| Untracked |  0
|  46|0x0000000706a00000, 0x0000000706a00000, 0x0000000706c00000|  0%| F|  |TAMS 0x0000000706a00000| PB 0x0000000706a00000| Untracked |  0
|  47|0x0000000706c00000, 0x0000000706c00000, 0x0000000706e00000|  0%| F|  |TAMS 0x0000000706c00000| PB 0x0000000706c00000| Untracked |  0
|  48|0x0000000706e00000, 0x0000000706e00000, 0x0000000707000000|  0%| F|  |TAMS 0x0000000706e00000| PB 0x0000000706e00000| Untracked |  0
|  49|0x0000000707000000, 0x0000000707000000, 0x0000000707200000|  0%| F|  |TAMS 0x0000000707000000| PB 0x0000000707000000| Untracked |  0
|  50|0x0000000707200000, 0x0000000707200000, 0x0000000707400000|  0%| F|  |TAMS 0x0000000707200000| PB 0x0000000707200000| Untracked |  0
|  51|0x0000000707400000, 0x0000000707400000, 0x0000000707600000|  0%| F|  |TAMS 0x0000000707400000| PB 0x0000000707400000| Untracked |  0
|  52|0x0000000707600000, 0x0000000707600000, 0x0000000707800000|  0%| F|  |TAMS 0x0000000707600000| PB 0x0000000707600000| Untracked |  0
|  53|0x0000000707800000, 0x0000000707800000, 0x0000000707a00000|  0%| F|  |TAMS 0x0000000707800000| PB 0x0000000707800000| Untracked |  0
|  54|0x0000000707a00000, 0x0000000707a00000, 0x0000000707c00000|  0%| F|  |TAMS 0x0000000707a00000| PB 0x0000000707a00000| Untracked |  0
|  55|0x0000000707c00000, 0x0000000707c00000, 0x0000000707e00000|  0%| F|  |TAMS 0x0000000707c00000| PB 0x0000000707c00000| Untracked |  0
|  56|0x0000000707e00000, 0x0000000707e00000, 0x0000000708000000|  0%| F|  |TAMS 0x0000000707e00000| PB 0x0000000707e00000| Untracked |  0
|  57|0x0000000708000000, 0x0000000708000000, 0x0000000708200000|  0%| F|  |TAMS 0x0000000708000000| PB 0x0000000708000000| Untracked |  0
|  58|0x0000000708200000, 0x0000000708200000, 0x0000000708400000|  0%| F|  |TAMS 0x0000000708200000| PB 0x0000000708200000| Untracked |  0
|  59|0x0000000708400000, 0x0000000708400000, 0x0000000708600000|  0%| F|  |TAMS 0x0000000708400000| PB 0x0000000708400000| Untracked |  0
|  60|0x0000000708600000, 0x0000000708600000, 0x0000000708800000|  0%| F|  |TAMS 0x0000000708600000| PB 0x0000000708600000| Untracked |  0
|  61|0x0000000708800000, 0x0000000708800000, 0x0000000708a00000|  0%| F|  |TAMS 0x0000000708800000| PB 0x0000000708800000| Untracked |  0
|  62|0x0000000708a00000, 0x0000000708a00000, 0x0000000708c00000|  0%| F|  |TAMS 0x0000000708a00000| PB 0x0000000708a00000| Untracked |  0
|  63|0x0000000708c00000, 0x0000000708c00000, 0x0000000708e00000|  0%| F|  |TAMS 0x0000000708c00000| PB 0x0000000708c00000| Untracked |  0
|  64|0x0000000708e00000, 0x0000000708e00000, 0x0000000709000000|  0%| F|  |TAMS 0x0000000708e00000| PB 0x0000000708e00000| Untracked |  0
|  65|0x0000000709000000, 0x0000000709000000, 0x0000000709200000|  0%| F|  |TAMS 0x0000000709000000| PB 0x0000000709000000| Untracked |  0
|  66|0x0000000709200000, 0x0000000709200000, 0x0000000709400000|  0%| F|  |TAMS 0x0000000709200000| PB 0x0000000709200000| Untracked |  0
|  67|0x0000000709400000, 0x0000000709400000, 0x0000000709600000|  0%| F|  |TAMS 0x0000000709400000| PB 0x0000000709400000| Untracked |  0
|  68|0x0000000709600000, 0x0000000709600000, 0x0000000709800000|  0%| F|  |TAMS 0x0000000709600000| PB 0x0000000709600000| Untracked |  0
|  69|0x0000000709800000, 0x0000000709800000, 0x0000000709a00000|  0%| F|  |TAMS 0x0000000709800000| PB 0x0000000709800000| Untracked |  0
|  70|0x0000000709a00000, 0x0000000709a00000, 0x0000000709c00000|  0%| F|  |TAMS 0x0000000709a00000| PB 0x0000000709a00000| Untracked |  0
|  71|0x0000000709c00000, 0x0000000709c00000, 0x0000000709e00000|  0%| F|  |TAMS 0x0000000709c00000| PB 0x0000000709c00000| Untracked |  0
|  72|0x0000000709e00000, 0x0000000709e00000, 0x000000070a000000|  0%| F|  |TAMS 0x0000000709e00000| PB 0x0000000709e00000| Untracked |  0
|  73|0x000000070a000000, 0x000000070a000000, 0x000000070a200000|  0%| F|  |TAMS 0x000000070a000000| PB 0x000000070a000000| Untracked |  0
|  74|0x000000070a200000, 0x000000070a200000, 0x000000070a400000|  0%| F|  |TAMS 0x000000070a200000| PB 0x000000070a200000| Untracked |  0
|  75|0x000000070a400000, 0x000000070a400000, 0x000000070a600000|  0%| F|  |TAMS 0x000000070a400000| PB 0x000000070a400000| Untracked |  0
|  76|0x000000070a600000, 0x000000070a600000, 0x000000070a800000|  0%| F|  |TAMS 0x000000070a600000| PB 0x000000070a600000| Untracked |  0
|  77|0x000000070a800000, 0x000000070a800000, 0x000000070aa00000|  0%| F|  |TAMS 0x000000070a800000| PB 0x000000070a800000| Untracked |  0
|  78|0x000000070aa00000, 0x000000070aa00000, 0x000000070ac00000|  0%| F|  |TAMS 0x000000070aa00000| PB 0x000000070aa00000| Untracked |  0
|  79|0x000000070ac00000, 0x000000070ac00000, 0x000000070ae00000|  0%| F|  |TAMS 0x000000070ac00000| PB 0x000000070ac00000| Untracked |  0
|  80|0x000000070ae00000, 0x000000070ae00000, 0x000000070b000000|  0%| F|  |TAMS 0x000000070ae00000| PB 0x000000070ae00000| Untracked |  0
|  81|0x000000070b000000, 0x000000070b000000, 0x000000070b200000|  0%| F|  |TAMS 0x000000070b000000| PB 0x000000070b000000| Untracked |  0
|  82|0x000000070b200000, 0x000000070b200000, 0x000000070b400000|  0%| F|  |TAMS 0x000000070b200000| PB 0x000000070b200000| Untracked |  0
|  83|0x000000070b400000, 0x000000070b400000, 0x000000070b600000|  0%| F|  |TAMS 0x000000070b400000| PB 0x000000070b400000| Untracked |  0
|  84|0x000000070b600000, 0x000000070b600000, 0x000000070b800000|  0%| F|  |TAMS 0x000000070b600000| PB 0x000000070b600000| Untracked |  0
|  85|0x000000070b800000, 0x000000070b800000, 0x000000070ba00000|  0%| F|  |TAMS 0x000000070b800000| PB 0x000000070b800000| Untracked |  0
|  86|0x000000070ba00000, 0x000000070ba00000, 0x000000070bc00000|  0%| F|  |TAMS 0x000000070ba00000| PB 0x000000070ba00000| Untracked |  0
|  87|0x000000070bc00000, 0x000000070bc00000, 0x000000070be00000|  0%| F|  |TAMS 0x000000070bc00000| PB 0x000000070bc00000| Untracked |  0
|  88|0x000000070be00000, 0x000000070be00000, 0x000000070c000000|  0%| F|  |TAMS 0x000000070be00000| PB 0x000000070be00000| Untracked |  0
|  89|0x000000070c000000, 0x000000070c000000, 0x000000070c200000|  0%| F|  |TAMS 0x000000070c000000| PB 0x000000070c000000| Untracked |  0
|  90|0x000000070c200000, 0x000000070c200000, 0x000000070c400000|  0%| F|  |TAMS 0x000000070c200000| PB 0x000000070c200000| Untracked |  0
|  91|0x000000070c400000, 0x000000070c400000, 0x000000070c600000|  0%| F|  |TAMS 0x000000070c400000| PB 0x000000070c400000| Untracked |  0
|  92|0x000000070c600000, 0x000000070c600000, 0x000000070c800000|  0%| F|  |TAMS 0x000000070c600000| PB 0x000000070c600000| Untracked |  0
|  93|0x000000070c800000, 0x000000070c800000, 0x000000070ca00000|  0%| F|  |TAMS 0x000000070c800000| PB 0x000000070c800000| Untracked |  0
|  94|0x000000070ca00000, 0x000000070ca00000, 0x000000070cc00000|  0%| F|  |TAMS 0x000000070ca00000| PB 0x000000070ca00000| Untracked |  0
|  95|0x000000070cc00000, 0x000000070cc00000, 0x000000070ce00000|  0%| F|  |TAMS 0x000000070cc00000| PB 0x000000070cc00000| Untracked |  0
|  96|0x000000070ce00000, 0x000000070ce00000, 0x000000070d000000|  0%| F|  |TAMS 0x000000070ce00000| PB 0x000000070ce00000| Untracked |  0
|  97|0x000000070d000000, 0x000000070d000000, 0x000000070d200000|  0%| F|  |TAMS 0x000000070d000000| PB 0x000000070d000000| Untracked |  0
|  98|0x000000070d200000, 0x000000070d200000, 0x000000070d400000|  0%| F|  |TAMS 0x000000070d200000| PB 0x000000070d200000| Untracked |  0
|  99|0x000000070d400000, 0x000000070d400000, 0x000000070d600000|  0%| F|  |TAMS 0x000000070d400000| PB 0x000000070d400000| Untracked |  0
| 100|0x000000070d600000, 0x000000070d600000, 0x000000070d800000|  0%| F|  |TAMS 0x000000070d600000| PB 0x000000070d600000| Untracked |  0
| 101|0x000000070d800000, 0x000000070d800000, 0x000000070da00000|  0%| F|  |TAMS 0x000000070d800000| PB 0x000000070d800000| Untracked |  0
| 102|0x000000070da00000, 0x000000070da00000, 0x000000070dc00000|  0%| F|  |TAMS 0x000000070da00000| PB 0x000000070da00000| Untracked |  0
| 103|0x000000070dc00000, 0x000000070dc00000, 0x000000070de00000|  0%| F|  |TAMS 0x000000070dc00000| PB 0x000000070dc00000| Untracked |  0
| 104|0x000000070de00000, 0x000000070de00000, 0x000000070e000000|  0%| F|  |TAMS 0x000000070de00000| PB 0x000000070de00000| Untracked |  0
| 105|0x000000070e000000, 0x000000070e000000, 0x000000070e200000|  0%| F|  |TAMS 0x000000070e000000| PB 0x000000070e000000| Untracked |  0
| 106|0x000000070e200000, 0x000000070e200000, 0x000000070e400000|  0%| F|  |TAMS 0x000000070e200000| PB 0x000000070e200000| Untracked |  0
| 107|0x000000070e400000, 0x000000070e400000, 0x000000070e600000|  0%| F|  |TAMS 0x000000070e400000| PB 0x000000070e400000| Untracked |  0
| 108|0x000000070e600000, 0x000000070e600000, 0x000000070e800000|  0%| F|  |TAMS 0x000000070e600000| PB 0x000000070e600000| Untracked |  0
| 109|0x000000070e800000, 0x000000070e800000, 0x000000070ea00000|  0%| F|  |TAMS 0x000000070e800000| PB 0x000000070e800000| Untracked |  0
| 110|0x000000070ea00000, 0x000000070ea00000, 0x000000070ec00000|  0%| F|  |TAMS 0x000000070ea00000| PB 0x000000070ea00000| Untracked |  0
| 111|0x000000070ec00000, 0x000000070ec00000, 0x000000070ee00000|  0%| F|  |TAMS 0x000000070ec00000| PB 0x000000070ec00000| Untracked |  0
| 112|0x000000070ee00000, 0x000000070ee00000, 0x000000070f000000|  0%| F|  |TAMS 0x000000070ee00000| PB 0x000000070ee00000| Untracked |  0
| 113|0x000000070f000000, 0x000000070f000000, 0x000000070f200000|  0%| F|  |TAMS 0x000000070f000000| PB 0x000000070f000000| Untracked |  0
| 114|0x000000070f200000, 0x000000070f200000, 0x000000070f400000|  0%| F|  |TAMS 0x000000070f200000| PB 0x000000070f200000| Untracked |  0
| 115|0x000000070f400000, 0x000000070f400000, 0x000000070f600000|  0%| F|  |TAMS 0x000000070f400000| PB 0x000000070f400000| Untracked |  0
| 116|0x000000070f600000, 0x000000070f600000, 0x000000070f800000|  0%| F|  |TAMS 0x000000070f600000| PB 0x000000070f600000| Untracked |  0
| 117|0x000000070f800000, 0x000000070f800000, 0x000000070fa00000|  0%| F|  |TAMS 0x000000070f800000| PB 0x000000070f800000| Untracked |  0
| 118|0x000000070fa00000, 0x000000070fa00000, 0x000000070fc00000|  0%| F|  |TAMS 0x000000070fa00000| PB 0x000000070fa00000| Untracked |  0
| 119|0x000000070fc00000, 0x000000070fcf30f0, 0x000000070fe00000| 47%| E|  |TAMS 0x000000070fc00000| PB 0x000000070fc00000| Complete |  0
| 120|0x000000070fe00000, 0x0000000710000000, 0x0000000710000000|100%| E|CS|TAMS 0x000000070fe00000| PB 0x000000070fe00000| Complete |  0
| 121|0x0000000710000000, 0x0000000710200000, 0x0000000710200000|100%| E|CS|TAMS 0x0000000710000000| PB 0x0000000710000000| Complete |  0
| 122|0x0000000710200000, 0x00000007102d0340, 0x0000000710400000| 40%| S|CS|TAMS 0x0000000710200000| PB 0x0000000710200000| Complete |  0
| 123|0x0000000710400000, 0x0000000710600000, 0x0000000710600000|100%| E|CS|TAMS 0x0000000710400000| PB 0x0000000710400000| Complete |  0
| 124|0x0000000710600000, 0x0000000710800000, 0x0000000710800000|100%| E|CS|TAMS 0x0000000710600000| PB 0x0000000710600000| Complete |  0
| 125|0x0000000710800000, 0x0000000710a00000, 0x0000000710a00000|100%| E|CS|TAMS 0x0000000710800000| PB 0x0000000710800000| Complete |  0
| 126|0x0000000710a00000, 0x0000000710c00000, 0x0000000710c00000|100%| E|CS|TAMS 0x0000000710a00000| PB 0x0000000710a00000| Complete |  0
| 127|0x0000000710c00000, 0x0000000710e00000, 0x0000000710e00000|100%| E|CS|TAMS 0x0000000710c00000| PB 0x0000000710c00000| Complete |  0

Card table byte_map: [0x0000027c2bc50000,0x0000027c2c450000] _byte_map_base: 0x0000027c28449000

Marking Bits: (CMBitMap*) 0x0000027c14179990
 Bits: [0x0000027c2c450000, 0x0000027c30418000)

Polling page: 0x0000027c12290000

Metaspace:

Usage:
  Non-class:      9.58 MB used.
      Class:      1.35 MB used.
       Both:     10.93 MB used.

Virtual space:
  Non-class space:       64.00 MB reserved,       9.81 MB ( 15%) committed,  1 nodes.
      Class space:        1.00 GB reserved,       1.44 MB ( <1%) committed,  1 nodes.
             Both:        1.06 GB reserved,      11.25 MB (  1%) committed. 

Chunk freelists:
   Non-Class:  6.00 MB
       Class:  14.57 MB
        Both:  20.57 MB

MaxMetaspaceSize: unlimited
CompressedClassSpaceSize: 1.00 GB
Initial GC threshold: 21.00 MB
Current GC threshold: 21.00 MB
CDS: on
 - commit_granule_bytes: 65536.
 - commit_granule_words: 8192.
 - virtual_space_node_default_size: 8388608.
 - enlarge_chunks_in_place: 1.
 - use_allocation_guard: 0.


Internal statistics:

num_allocs_failed_limit: 0.
num_arena_births: 292.
num_arena_deaths: 0.
num_vsnodes_births: 2.
num_vsnodes_deaths: 0.
num_space_committed: 180.
num_space_uncommitted: 0.
num_chunks_returned_to_freelist: 0.
num_chunks_taken_from_freelist: 583.
num_chunk_merges: 0.
num_chunk_splits: 342.
num_chunks_enlarged: 210.
num_inconsistent_stats: 0.

CodeHeap 'non-profiled nmethods': size=120000Kb used=639Kb max_used=639Kb free=119361Kb
 bounds [0x0000027c23f20000, 0x0000027c24190000, 0x0000027c2b450000]
CodeHeap 'profiled nmethods': size=120000Kb used=3623Kb max_used=3623Kb free=116377Kb
 bounds [0x0000027c1c450000, 0x0000027c1c7e0000, 0x0000027c23980000]
CodeHeap 'non-nmethods': size=5760Kb used=1441Kb max_used=1465Kb free=4318Kb
 bounds [0x0000027c23980000, 0x0000027c23bf0000, 0x0000027c23f20000]
 total_blobs=2412 nmethods=1886 adapters=430
 compilation: enabled
              stopped_count=0, restarted_count=0
 full_count=0

Compilation events (20 events):
Event: 2.657 Thread 0x0000027c32a68070 1705       3       java.lang.StringBuilder::append (9 bytes)
Event: 2.658 Thread 0x0000027c32a68070 nmethod 1705 0x0000027c1c786790 code [0x0000027c1c786960, 0x0000027c1c786c98]
Event: 2.658 Thread 0x0000027c32a68070 1704       1       java.security.Provider$UString::toString (5 bytes)
Event: 2.658 Thread 0x0000027c32a68070 nmethod 1704 0x0000027c23fadc90 code [0x0000027c23fade20, 0x0000027c23fadef0]
Event: 2.658 Thread 0x0000027c32a68070 1707       3       java.lang.invoke.AbstractValidatingLambdaMetafactory::isAdaptableToAsReturnStrict (34 bytes)
Event: 2.658 Thread 0x0000027c32a68070 nmethod 1707 0x0000027c1c786e10 code [0x0000027c1c786fe0, 0x0000027c1c787558]
Event: 2.658 Thread 0x0000027c32a68070 1711       2       java.util.HashMap::getNode (150 bytes)
Event: 2.659 Thread 0x0000027c32a68070 nmethod 1711 0x0000027c1c787690 code [0x0000027c1c787880, 0x0000027c1c787d40]
Event: 2.659 Thread 0x0000027c32a68070 1708       3       java.lang.invoke.LambdaProxyClassArchive::find (47 bytes)
Event: 2.659 Thread 0x0000027c32a68070 nmethod 1708 0x0000027c1c787f90 code [0x0000027c1c7881a0, 0x0000027c1c7888b8]
Event: 2.659 Thread 0x0000027c32a68070 1709       3       java.lang.invoke.LambdaProxyClassArchive::loadedByBuiltinLoader (22 bytes)
Event: 2.659 Thread 0x0000027c32a68070 nmethod 1709 0x0000027c1c788b10 code [0x0000027c1c788cc0, 0x0000027c1c789090]
Event: 2.659 Thread 0x0000027c32a68070 1712       1       java.security.Provider$Service::getProvider (5 bytes)
Event: 2.659 Thread 0x0000027c32a68070 nmethod 1712 0x0000027c23fae390 code [0x0000027c23fae520, 0x0000027c23fae5f0]
Event: 2.659 Thread 0x0000027c32a68070 1713       1       java.security.Provider$Service::getClassName (5 bytes)
Event: 2.660 Thread 0x0000027c32a68070 nmethod 1713 0x0000027c23fae690 code [0x0000027c23fae820, 0x0000027c23fae8f0]
Event: 2.663 Thread 0x0000027c32a68070 1714       3       java.util.regex.Pattern$GroupHead::match (47 bytes)
Event: 2.663 Thread 0x0000027c32a68070 nmethod 1714 0x0000027c1c789190 code [0x0000027c1c789340, 0x0000027c1c7895b8]
Event: 2.663 Thread 0x0000027c32a68070 1715       3       java.lang.reflect.Method::getParameterCount (6 bytes)
Event: 2.663 Thread 0x0000027c32a68070 nmethod 1715 0x0000027c1c789790 code [0x0000027c1c789920, 0x0000027c1c789a38]

GC Heap History (4 events):
Event: 0.685 GC heap before
{Heap before GC invocations=0 (full 0):
 garbage-first heap   total reserved 4179968K, committed 262144K, used 12288K [0x0000000700e00000, 0x0000000800000000)
  region size 2048K, 7 young (14336K), 0 survivors (0K)
 Metaspace       used 2482K, committed 2624K, reserved 1114112K
  class space    used 257K, committed 320K, reserved 1048576K
}
Event: 0.689 GC heap after
{Heap after GC invocations=1 (full 0):
 garbage-first heap   total reserved 4179968K, committed 262144K, used 6027K [0x0000000700e00000, 0x0000000800000000)
  region size 2048K, 1 young (2048K), 1 survivors (2048K)
 Metaspace       used 2482K, committed 2624K, reserved 1114112K
  class space    used 257K, committed 320K, reserved 1048576K
}
Event: 1.107 GC heap before
{Heap before GC invocations=1 (full 0):
 garbage-first heap   total reserved 4179968K, committed 262144K, used 16267K [0x0000000700e00000, 0x0000000800000000)
  region size 2048K, 6 young (12288K), 1 survivors (2048K)
 Metaspace       used 5235K, committed 5440K, reserved 1114112K
  class space    used 662K, committed 768K, reserved 1048576K
}
Event: 1.110 GC heap after
{Heap after GC invocations=2 (full 0):
 garbage-first heap   total reserved 4179968K, committed 262144K, used 6603K [0x0000000700e00000, 0x0000000800000000)
  region size 2048K, 1 young (2048K), 1 survivors (2048K)
 Metaspace       used 5235K, committed 5440K, reserved 1114112K
  class space    used 662K, committed 768K, reserved 1048576K
}

Dll operation events (12 events):
Event: 0.014 Loaded shared library C:\Users\VladislavV\.jdks\openjdk-22.0.1\bin\java.dll
Event: 0.057 Loaded shared library C:\Users\VladislavV\.jdks\openjdk-22.0.1\bin\jsvml.dll
Event: 0.354 Loaded shared library C:\Users\VladislavV\.jdks\openjdk-22.0.1\bin\zip.dll
Event: 0.358 Loaded shared library C:\Users\VladislavV\.jdks\openjdk-22.0.1\bin\instrument.dll
Event: 0.363 Loaded shared library C:\Users\VladislavV\.jdks\openjdk-22.0.1\bin\net.dll
Event: 0.366 Loaded shared library C:\Users\VladislavV\.jdks\openjdk-22.0.1\bin\nio.dll
Event: 0.372 Loaded shared library C:\Users\VladislavV\.jdks\openjdk-22.0.1\bin\zip.dll
Event: 0.389 Loaded shared library E:\IntelliJ IDEA Community Edition 2023.3.5\bin\breakgen64.dll
Event: 0.403 Loaded shared library C:\Users\VladislavV\.jdks\openjdk-22.0.1\bin\extnet.dll
Event: 0.456 Loaded shared library C:\Users\VladislavV\.jdks\openjdk-22.0.1\bin\jimage.dll
Event: 1.183 Loaded shared library C:\Users\VladislavV\.jdks\openjdk-22.0.1\bin\management.dll
Event: 1.186 Loaded shared library C:\Users\VladislavV\.jdks\openjdk-22.0.1\bin\management_ext.dll

Deoptimization events (20 events):
Event: 2.648 Thread 0x0000027c14112b70 Uncommon trap: trap_request=0xffffffde fr.pc=0x0000027c23f897d0 relative=0x00000000000002f0
Event: 2.648 Thread 0x0000027c14112b70 Uncommon trap: reason=class_check action=maybe_recompile pc=0x0000027c23f897d0 method=java.util.HashMap.getNode(Ljava/lang/Object;)Ljava/util/HashMap$Node; @ 128 c2
Event: 2.648 Thread 0x0000027c14112b70 DEOPT PACKING pc=0x0000027c23f897d0 sp=0x000000d4343fb2c0
Event: 2.648 Thread 0x0000027c14112b70 DEOPT UNPACKING pc=0x0000027c239d46a2 sp=0x000000d4343fb228 mode 2
Event: 2.648 Thread 0x0000027c14112b70 Uncommon trap: trap_request=0xffffffde fr.pc=0x0000027c23f897d0 relative=0x00000000000002f0
Event: 2.648 Thread 0x0000027c14112b70 Uncommon trap: reason=class_check action=maybe_recompile pc=0x0000027c23f897d0 method=java.util.HashMap.getNode(Ljava/lang/Object;)Ljava/util/HashMap$Node; @ 128 c2
Event: 2.648 Thread 0x0000027c14112b70 DEOPT PACKING pc=0x0000027c23f897d0 sp=0x000000d4343fb2c0
Event: 2.648 Thread 0x0000027c14112b70 DEOPT UNPACKING pc=0x0000027c239d46a2 sp=0x000000d4343fb228 mode 2
Event: 2.649 Thread 0x0000027c14112b70 Uncommon trap: trap_request=0xffffffde fr.pc=0x0000027c23f897d0 relative=0x00000000000002f0
Event: 2.649 Thread 0x0000027c14112b70 Uncommon trap: reason=class_check action=maybe_recompile pc=0x0000027c23f897d0 method=java.util.HashMap.getNode(Ljava/lang/Object;)Ljava/util/HashMap$Node; @ 128 c2
Event: 2.649 Thread 0x0000027c14112b70 DEOPT PACKING pc=0x0000027c23f897d0 sp=0x000000d4343fb2c0
Event: 2.649 Thread 0x0000027c14112b70 DEOPT UNPACKING pc=0x0000027c239d46a2 sp=0x000000d4343fb228 mode 2
Event: 2.650 Thread 0x0000027c14112b70 Uncommon trap: trap_request=0xffffffde fr.pc=0x0000027c23f897d0 relative=0x00000000000002f0
Event: 2.650 Thread 0x0000027c14112b70 Uncommon trap: reason=class_check action=maybe_recompile pc=0x0000027c23f897d0 method=java.util.HashMap.getNode(Ljava/lang/Object;)Ljava/util/HashMap$Node; @ 128 c2
Event: 2.650 Thread 0x0000027c14112b70 DEOPT PACKING pc=0x0000027c23f897d0 sp=0x000000d4343fb2c0
Event: 2.650 Thread 0x0000027c14112b70 DEOPT UNPACKING pc=0x0000027c239d46a2 sp=0x000000d4343fb228 mode 2
Event: 2.663 Thread 0x0000027c14112b70 Uncommon trap: trap_request=0xffffff6e fr.pc=0x0000027c23f666b8 relative=0x0000000000000478
Event: 2.663 Thread 0x0000027c14112b70 Uncommon trap: reason=loop_limit_check action=maybe_recompile pc=0x0000027c23f666b8 method=java.lang.StringLatin1.indexOf([BI[BII)I @ 37 c2
Event: 2.663 Thread 0x0000027c14112b70 DEOPT PACKING pc=0x0000027c23f666b8 sp=0x000000d4343fa300
Event: 2.663 Thread 0x0000027c14112b70 DEOPT UNPACKING pc=0x0000027c239d46a2 sp=0x000000d4343fa260 mode 2

Classes loaded (20 events):
Event: 2.662 Loading class sun/security/util/DisabledAlgorithmConstraints$Constraints done
Event: 2.662 Loading class sun/security/util/DisabledAlgorithmConstraints$DisabledConstraint
Event: 2.662 Loading class sun/security/util/DisabledAlgorithmConstraints$Constraint
Event: 2.662 Loading class sun/security/util/DisabledAlgorithmConstraints$Constraint done
Event: 2.662 Loading class sun/security/util/DisabledAlgorithmConstraints$DisabledConstraint done
Event: 2.662 Loading class sun/security/util/DisabledAlgorithmConstraints$KeySizeConstraint
Event: 2.662 Loading class sun/security/util/DisabledAlgorithmConstraints$KeySizeConstraint done
Event: 2.662 Loading class sun/security/util/DisabledAlgorithmConstraints$Constraint$Operator
Event: 2.662 Loading class sun/security/util/DisabledAlgorithmConstraints$Constraint$Operator done
Event: 2.662 Loading class sun/security/util/DisabledAlgorithmConstraints$jdkCAConstraint
Event: 2.662 Loading class sun/security/util/DisabledAlgorithmConstraints$jdkCAConstraint done
Event: 2.662 Loading class sun/security/util/DisabledAlgorithmConstraints$UsageConstraint
Event: 2.662 Loading class sun/security/util/DisabledAlgorithmConstraints$UsageConstraint done
Event: 2.663 Loading class sun/security/util/DisabledAlgorithmConstraints$Constraints$Holder
Event: 2.663 Loading class sun/security/util/DisabledAlgorithmConstraints$Constraints$Holder done
Event: 2.663 Loading class sun/security/util/DisabledAlgorithmConstraints$DenyAfterConstraint
Event: 2.663 Loading class sun/security/util/DisabledAlgorithmConstraints$DenyAfterConstraint done
Event: 2.663 Loading class java/security/CryptoPrimitive
Event: 2.663 Loading class java/security/CryptoPrimitive done
Event: 2.664 Loading class sun/security/ssl/CipherSuite

Classes unloaded (0 events):
No events

Classes redefined (0 events):
No events

Internal exceptions (20 events):
Event: 2.500 Thread 0x0000027c14112b70 Exception <a 'java/lang/NoSuchMethodError'{0x00000007106461b0}: 'long java.lang.invoke.DirectMethodHandle$Holder.invokeVirtual(java.lang.Object, java.lang.Object)'> (0x00000007106461b0) 
thrown [s\open\src\hotspot\share\interpreter\linkResolver.cpp, line 774]
Event: 2.542 Thread 0x0000027c14112b70 Implicit null exception at 0x0000027c23f96d6d to 0x0000027c23f97774
Event: 2.542 Thread 0x0000027c14112b70 Implicit null exception at 0x0000027c23f7c940 to 0x0000027c23f7c9c2
Event: 2.549 Thread 0x0000027c14112b70 Exception <a 'java/lang/ClassNotFoundException'{0x000000071078d578}: sun/util/logging/resources/spi/loggingProvider> (0x000000071078d578) 
thrown [s\open\src\hotspot\share\classfile\systemDictionary.cpp, line 313]
Event: 2.585 Thread 0x0000027c14112b70 Exception <a 'java/lang/NoSuchMethodError'{0x00000007104a7458}: 'java.lang.Object java.lang.invoke.DirectMethodHandle$Holder.invokeStaticInit(java.lang.Object, java.lang.Object, int)'> (0x00000007104a7458) 
thrown [s\open\src\hotspot\share\interpreter\linkResolver.cpp, line 774]
Event: 2.585 Thread 0x0000027c14112b70 Exception <a 'java/lang/NoSuchMethodError'{0x00000007104ad950}: 'int java.lang.invoke.DirectMethodHandle$Holder.invokeStaticInit(java.lang.Object, java.lang.Object, java.lang.Object)'> (0x00000007104ad950) 
thrown [s\open\src\hotspot\share\interpreter\linkResolver.cpp, line 774]
Event: 2.587 Thread 0x0000027c14112b70 Exception <a 'java/lang/NoSuchMethodError'{0x00000007104c0188}: 'int java.lang.invoke.DirectMethodHandle$Holder.invokeSpecialIFC(java.lang.Object, java.lang.Object, java.lang.Object)'> (0x00000007104c0188) 
thrown [s\open\src\hotspot\share\interpreter\linkResolver.cpp, line 774]
Event: 2.593 Thread 0x0000027c14112b70 Exception <a 'java/lang/NoSuchMethodError'{0x00000007104e3e88}: 'java.lang.Object java.lang.invoke.DirectMethodHandle$Holder.invokeStaticInit(java.lang.Object, java.lang.Object, java.lang.Object, java.lang.Object, java.lang.Object, java.lang.Object, java.lang.Object)'> (0x00000007104e3e88) 
thrown [s\open\src\hotspot\share\interpreter\linkResolver.cpp, line 774]
Event: 2.594 Thread 0x0000027c14112b70 Exception <a 'java/lang/NoSuchMethodError'{0x00000007104ed110}: 'java.lang.Object java.lang.invoke.Invokers$Holder.invoke_MT(java.lang.Object, java.lang.Object, java.lang.Object, java.lang.Object, java.lang.Object, java.lang.Object, java.lang.Object, java.lang.Object, java.lang.Object, java.lang.Object)'> (0x00000007104ed110) 
thrown [s\open\src\hotspot\share\interpreter\linkResolver.cpp, line 774]
Event: 2.596 Thread 0x0000027c14112b70 Exception <a 'java/lang/NoSuchMethodError'{0x00000007105018d8}: 'void java.lang.invoke.DelegatingMethodHandle$Holder.delegate(java.lang.Object, java.lang.Object, int, java.lang.Object)'> (0x00000007105018d8) 
thrown [s\open\src\hotspot\share\interpreter\linkResolver.cpp, line 774]
Event: 2.600 Thread 0x0000027c14112b70 Exception <a 'java/lang/NoSuchMethodError'{0x00000007105263f0}: 'int java.lang.invoke.DirectMethodHandle$Holder.invokeVirtual(java.lang.Object, java.lang.Object, java.lang.Object)'> (0x00000007105263f0) 
thrown [s\open\src\hotspot\share\interpreter\linkResolver.cpp, line 774]
Event: 2.600 Thread 0x0000027c14112b70 Exception <a 'java/lang/NoSuchMethodError'{0x000000071052aca0}: 'int java.lang.invoke.DirectMethodHandle$Holder.invokeStaticInit(java.lang.Object, int, int)'> (0x000000071052aca0) 
thrown [s\open\src\hotspot\share\interpreter\linkResolver.cpp, line 774]
Event: 2.601 Thread 0x0000027c14112b70 Exception <a 'java/lang/NoSuchMethodError'{0x00000007105326d8}: 'int java.lang.invoke.DirectMethodHandle$Holder.invokeStaticInit(java.lang.Object, long, long)'> (0x00000007105326d8) 
thrown [s\open\src\hotspot\share\interpreter\linkResolver.cpp, line 774]
Event: 2.601 Thread 0x0000027c14112b70 Exception <a 'java/lang/NoSuchMethodError'{0x00000007105396b0}: 'int java.lang.invoke.DirectMethodHandle$Holder.invokeStaticInit(java.lang.Object, float, float)'> (0x00000007105396b0) 
thrown [s\open\src\hotspot\share\interpreter\linkResolver.cpp, line 774]
Event: 2.602 Thread 0x0000027c14112b70 Exception <a 'java/lang/NoSuchMethodError'{0x0000000710540680}: 'int java.lang.invoke.DirectMethodHandle$Holder.invokeStaticInit(java.lang.Object, double, double)'> (0x0000000710540680) 
thrown [s\open\src\hotspot\share\interpreter\linkResolver.cpp, line 774]
Event: 2.602 Thread 0x0000027c14112b70 Exception <a 'java/lang/NoSuchMethodError'{0x0000000710545138}: 'int java.lang.invoke.DirectMethodHandle$Holder.invokeStatic(java.lang.Object, long)'> (0x0000000710545138) 
thrown [s\open\src\hotspot\share\interpreter\linkResolver.cpp, line 774]
Event: 2.604 Thread 0x0000027c14112b70 Exception <a 'java/lang/NoSuchMethodError'{0x00000007105597a8}: 'int java.lang.invoke.DirectMethodHandle$Holder.invokeSpecial(java.lang.Object, java.lang.Object, java.lang.Object, java.lang.Object)'> (0x00000007105597a8) 
thrown [s\open\src\hotspot\share\interpreter\linkResolver.cpp, line 774]
Event: 2.606 Thread 0x0000027c14112b70 Exception <a 'java/lang/NoSuchMethodError'{0x000000071056e560}: 'java.lang.Object java.lang.invoke.DirectMethodHandle$Holder.invokeSpecial(java.lang.Object, java.lang.Object, int, java.lang.Object, java.lang.Object)'> (0x000000071056e560) 
thrown [s\open\src\hotspot\share\interpreter\linkResolver.cpp, line 774]
Event: 2.606 Thread 0x0000027c14112b70 Exception <a 'java/lang/NoSuchMethodError'{0x00000007105726f0}: 'java.lang.Object java.lang.invoke.DelegatingMethodHandle$Holder.delegate(java.lang.Object, int, java.lang.Object, java.lang.Object)'> (0x00000007105726f0) 
thrown [s\open\src\hotspot\share\interpreter\linkResolver.cpp, line 774]
Event: 2.608 Thread 0x0000027c14112b70 Exception <a 'java/lang/NoSuchMethodError'{0x0000000710582090}: 'int java.lang.invoke.Invokers$Holder.linkToTargetMethod(java.lang.Object, java.lang.Object, java.lang.Object)'> (0x0000000710582090) 
thrown [s\open\src\hotspot\share\interpreter\linkResolver.cpp, line 774]

ZGC Phase Switch (0 events):
No events

VM Operations (20 events):
Event: 1.033 Executing VM operation: HandshakeAllThreads (Deoptimize)
Event: 1.033 Executing VM operation: HandshakeAllThreads (Deoptimize) done
Event: 1.042 Executing VM operation: HandshakeAllThreads (Deoptimize)
Event: 1.042 Executing VM operation: HandshakeAllThreads (Deoptimize) done
Event: 1.068 Executing VM operation: HandshakeAllThreads (Deoptimize)
Event: 1.068 Executing VM operation: HandshakeAllThreads (Deoptimize) done
Event: 1.107 Executing VM operation: G1CollectForAllocation (G1 Evacuation Pause)
Event: 1.110 Executing VM operation: G1CollectForAllocation (G1 Evacuation Pause) done
Event: 1.179 Executing VM operation: HandshakeAllThreads (Deoptimize)
Event: 1.179 Executing VM operation: HandshakeAllThreads (Deoptimize) done
Event: 1.349 Executing VM operation: HandshakeAllThreads (Deoptimize)
Event: 1.349 Executing VM operation: HandshakeAllThreads (Deoptimize) done
Event: 2.364 Executing VM operation: Cleanup
Event: 2.364 Executing VM operation: Cleanup done
Event: 2.614 Executing VM operation: HandshakeAllThreads (Deoptimize)
Event: 2.614 Executing VM operation: HandshakeAllThreads (Deoptimize) done
Event: 2.615 Executing VM operation: HandshakeAllThreads (Deoptimize)
Event: 2.615 Executing VM operation: HandshakeAllThreads (Deoptimize) done
Event: 2.647 Executing VM operation: HandshakeAllThreads (Deoptimize)
Event: 2.647 Executing VM operation: HandshakeAllThreads (Deoptimize) done

Events (18 events):
Event: 0.032 Thread 0x0000027c14112b70 Thread added: 0x0000027c14112b70
Event: 0.054 Thread 0x0000027c3290e200 Thread added: 0x0000027c3290e200
Event: 0.054 Thread 0x0000027c3290ef20 Thread added: 0x0000027c3290ef20
Event: 0.054 Thread 0x0000027c32915290 Thread added: 0x0000027c32915290
Event: 0.054 Thread 0x0000027c32915cf0 Thread added: 0x0000027c32915cf0
Event: 0.055 Thread 0x0000027c32916750 Thread added: 0x0000027c32916750
Event: 0.055 Thread 0x0000027c329171b0 Thread added: 0x0000027c329171b0
Event: 0.055 Thread 0x0000027c3291a350 Thread added: 0x0000027c3291a350
Event: 0.056 Thread 0x0000027c32a68070 Thread added: 0x0000027c32a68070
Event: 0.328 Thread 0x0000027c328db5d0 Thread added: 0x0000027c328db5d0
Event: 0.390 Thread 0x0000027c32cac190 Thread added: 0x0000027c32cac190
Event: 0.390 Thread 0x0000027c32cac800 Thread added: 0x0000027c32cac800
Event: 0.493 Thread 0x0000027c32d9b690 Thread added: 0x0000027c32d9b690
Event: 1.410 Thread 0x0000027c78a92570 Thread added: 0x0000027c78a92570
Event: 1.410 Thread 0x0000027c32d9b690 Thread exited: 0x0000027c32d9b690
Event: 2.490 Thread 0x0000027c78a92570 Thread exited: 0x0000027c78a92570
Event: 2.567 Thread 0x0000027c78c2b540 Thread added: 0x0000027c78c2b540
Event: 2.633 Thread 0x0000027c78d54660 Thread added: 0x0000027c78d54660


Dynamic libraries:
0x00007ff747240000 - 0x00007ff74724e000 	C:\Users\VladislavV\.jdks\openjdk-22.0.1\bin\java.exe
0x00007fffff270000 - 0x00007fffff468000 	C:\WINDOWS\SYSTEM32\ntdll.dll
0x00007fffff0d0000 - 0x00007fffff18d000 	C:\WINDOWS\System32\KERNEL32.DLL
0x00007ffffc060000 - 0x00007ffffc356000 	C:\WINDOWS\System32\KERNELBASE.dll
0x00007ffffc400000 - 0x00007ffffc500000 	C:\WINDOWS\System32\ucrtbase.dll
0x00007fffe1870000 - 0x00007fffe188b000 	C:\Users\VladislavV\.jdks\openjdk-22.0.1\bin\VCRUNTIME140.dll
0x00007fffe17d0000 - 0x00007fffe17e7000 	C:\Users\VladislavV\.jdks\openjdk-22.0.1\bin\jli.dll
0x00007ffffcce0000 - 0x00007ffffce7f000 	C:\WINDOWS\System32\USER32.dll
0x00007ffffc770000 - 0x00007ffffc792000 	C:\WINDOWS\System32\win32u.dll
0x00007fffe4740000 - 0x00007fffe49da000 	C:\WINDOWS\WinSxS\amd64_microsoft.windows.common-controls_6595b64144ccf1df_6.0.19041.4355_none_60b8b9eb71f62e16\COMCTL32.dll
0x00007ffffdfc0000 - 0x00007ffffdfeb000 	C:\WINDOWS\System32\GDI32.dll
0x00007ffffcbc0000 - 0x00007ffffcc5e000 	C:\WINDOWS\System32\msvcrt.dll
0x00007ffffc7a0000 - 0x00007ffffc8b7000 	C:\WINDOWS\System32\gdi32full.dll
0x00007ffffc360000 - 0x00007ffffc3fd000 	C:\WINDOWS\System32\msvcp_win.dll
0x00007ffffedc0000 - 0x00007ffffedf2000 	C:\WINDOWS\System32\IMM32.DLL
0x00007fffe9f10000 - 0x00007fffe9f1c000 	C:\Users\VladislavV\.jdks\openjdk-22.0.1\bin\vcruntime140_1.dll
0x00007fffcca00000 - 0x00007fffcca8e000 	C:\Users\VladislavV\.jdks\openjdk-22.0.1\bin\msvcp140.dll
0x00007fffb0460000 - 0x00007fffb11a7000 	C:\Users\VladislavV\.jdks\openjdk-22.0.1\bin\server\jvm.dll
0x00007ffffe720000 - 0x00007ffffe7d0000 	C:\WINDOWS\System32\ADVAPI32.dll
0x00007ffffc8c0000 - 0x00007ffffc960000 	C:\WINDOWS\System32\sechost.dll
0x00007ffffc960000 - 0x00007ffffca83000 	C:\WINDOWS\System32\RPCRT4.dll
0x00007ffffc550000 - 0x00007ffffc577000 	C:\WINDOWS\System32\bcrypt.dll
0x00007fffff190000 - 0x00007fffff1fb000 	C:\WINDOWS\System32\WS2_32.dll
0x00007ffffbd50000 - 0x00007ffffbd9b000 	C:\WINDOWS\SYSTEM32\POWRPROF.dll
0x00007fffee460000 - 0x00007fffee487000 	C:\WINDOWS\SYSTEM32\WINMM.dll
0x00007ffff59f0000 - 0x00007ffff59fa000 	C:\WINDOWS\SYSTEM32\VERSION.dll
0x00007ffffbd30000 - 0x00007ffffbd42000 	C:\WINDOWS\SYSTEM32\UMPDC.dll
0x00007ffff9c90000 - 0x00007ffff9ca2000 	C:\WINDOWS\SYSTEM32\kernel.appcore.dll
0x00007fffe3970000 - 0x00007fffe397a000 	C:\Users\VladislavV\.jdks\openjdk-22.0.1\bin\jimage.dll
0x00007fffed8d0000 - 0x00007fffedab4000 	C:\WINDOWS\SYSTEM32\DBGHELP.DLL
0x00007fffd4ae0000 - 0x00007fffd4b14000 	C:\WINDOWS\SYSTEM32\dbgcore.DLL
0x00007ffffc5b0000 - 0x00007ffffc632000 	C:\WINDOWS\System32\bcryptPrimitives.dll
0x00007ffff65c0000 - 0x00007ffff65cf000 	C:\Users\VladislavV\.jdks\openjdk-22.0.1\bin\instrument.dll
0x00007fffdf7b0000 - 0x00007fffdf7ce000 	C:\Users\VladislavV\.jdks\openjdk-22.0.1\bin\java.dll
0x00007ffffd570000 - 0x00007ffffdcdb000 	C:\WINDOWS\System32\SHELL32.dll
0x00007ffffca90000 - 0x00007ffffcbbb000 	C:\WINDOWS\System32\ole32.dll
0x00007ffffcea0000 - 0x00007ffffd1f3000 	C:\WINDOWS\System32\combase.dll
0x00007ffff9f70000 - 0x00007ffffa70d000 	C:\WINDOWS\SYSTEM32\windows.storage.dll
0x00007ffffb770000 - 0x00007ffffb79e000 	C:\WINDOWS\SYSTEM32\Wldp.dll
0x00007ffffe540000 - 0x00007ffffe60d000 	C:\WINDOWS\System32\OLEAUT32.dll
0x00007ffffed10000 - 0x00007ffffedbd000 	C:\WINDOWS\System32\SHCORE.dll
0x00007ffffecb0000 - 0x00007ffffed05000 	C:\WINDOWS\System32\shlwapi.dll
0x00007ffffbe30000 - 0x00007ffffbe54000 	C:\WINDOWS\SYSTEM32\profapi.dll
0x00007fffbdcd0000 - 0x00007fffbdda7000 	C:\Users\VladislavV\.jdks\openjdk-22.0.1\bin\jsvml.dll
0x00007fffdde60000 - 0x00007fffdde77000 	C:\Users\VladislavV\.jdks\openjdk-22.0.1\bin\zip.dll
0x00007fffe1fd0000 - 0x00007fffe1fe0000 	C:\Users\VladislavV\.jdks\openjdk-22.0.1\bin\net.dll
0x00007ffffb550000 - 0x00007ffffb5ba000 	C:\WINDOWS\system32\mswsock.dll
0x00007fffde8b0000 - 0x00007fffde8c6000 	C:\Users\VladislavV\.jdks\openjdk-22.0.1\bin\nio.dll
0x00007ffff5970000 - 0x00007ffff598a000 	E:\IntelliJ IDEA Community Edition 2023.3.5\bin\breakgen64.dll
0x00007fffe1860000 - 0x00007fffe1869000 	C:\Users\VladislavV\.jdks\openjdk-22.0.1\bin\extnet.dll
0x00007fffd2f80000 - 0x00007fffd2f97000 	C:\WINDOWS\system32\napinsp.dll
0x00007fffd2f60000 - 0x00007fffd2f7b000 	C:\WINDOWS\system32\pnrpnsp.dll
0x00007fffcffd0000 - 0x00007fffcffe5000 	C:\WINDOWS\system32\wshbth.dll
0x00007ffff76b0000 - 0x00007ffff76cd000 	C:\WINDOWS\system32\NLAapi.dll
0x00007ffffb260000 - 0x00007ffffb29b000 	C:\WINDOWS\SYSTEM32\IPHLPAPI.DLL
0x00007ffffb2a0000 - 0x00007ffffb36b000 	C:\WINDOWS\SYSTEM32\DNSAPI.dll
0x00007ffffde90000 - 0x00007ffffde98000 	C:\WINDOWS\System32\NSI.dll
0x00007fffd2f20000 - 0x00007fffd2f32000 	C:\WINDOWS\System32\winrnr.dll
0x00000000651b0000 - 0x00000000651d6000 	C:\Program Files\Bonjour\mdnsNSP.dll
0x00007ffff0140000 - 0x00007ffff014a000 	C:\Windows\System32\rasadhlp.dll
0x00007ffff01d0000 - 0x00007ffff0250000 	C:\WINDOWS\System32\fwpuclnt.dll
0x00007fffe42b0000 - 0x00007fffe42ba000 	C:\Users\VladislavV\.jdks\openjdk-22.0.1\bin\management.dll
0x00007fffe42a0000 - 0x00007fffe42ab000 	C:\Users\VladislavV\.jdks\openjdk-22.0.1\bin\management_ext.dll
0x00007ffffee00000 - 0x00007ffffee08000 	C:\WINDOWS\System32\PSAPI.DLL

dbghelp: loaded successfully - version: 4.0.5 - missing functions: none
symbol engine: initialized successfully - sym options: 0x614 - pdb path: .;C:\Users\VladislavV\.jdks\openjdk-22.0.1\bin;C:\WINDOWS\SYSTEM32;C:\WINDOWS\WinSxS\amd64_microsoft.windows.common-controls_6595b64144ccf1df_6.0.19041.4355_none_60b8b9eb71f62e16;C:\Users\VladislavV\.jdks\openjdk-22.0.1\bin\server;E:\IntelliJ IDEA Community Edition 2023.3.5\bin;C:\Program Files\Bonjour

VM Arguments:
jvm_args: -ea --enable-preview -Didea.test.cyclic.buffer.size=1048576 -javaagent:E:\IntelliJ IDEA Community Edition 2023.3.5\lib\idea_rt.jar=62960:E:\IntelliJ IDEA Community Edition 2023.3.5\bin -Dfile.encoding=UTF-8 -Dsun.stdout.encoding=UTF-8 -Dsun.stderr.encoding=UTF-8 
java_command: com.intellij.rt.junit.JUnitStarter -ideVersion5 -junit5 MobileTests.Tests.LoginPageTests,correctLoginTest
java_class_path (initial): C:\Users\VladislavV\.m2\repository\org\junit\platform\junit-platform-launcher\1.10.2\junit-platform-launcher-1.10.2.jar;C:\Users\VladislavV\.m2\repository\org\junit\platform\junit-platform-engine\1.10.2\junit-platform-engine-1.10.2.jar;E:\IntelliJ IDEA Community Edition 2023.3.5\lib\idea_rt.jar;E:\IntelliJ IDEA Community Edition 2023.3.5\plugins\junit\lib\junit5-rt.jar;E:\IntelliJ IDEA Community Edition 2023.3.5\plugins\junit\lib\junit-rt.jar;C:\Users\VladislavV\IdeaProjects\Homework2\target\test-classes;C:\Users\VladislavV\IdeaProjects\Homework2\target\classes;C:\Users\VladislavV\.m2\repository\org\junit\jupiter\junit-jupiter-api\5.10.2\junit-jupiter-api-5.10.2.jar;C:\Users\VladislavV\.m2\repository\org\opentest4j\opentest4j\1.3.0\opentest4j-1.3.0.jar;C:\Users\VladislavV\.m2\repository\org\junit\platform\junit-platform-commons\1.10.2\junit-platform-commons-1.10.2.jar;C:\Users\VladislavV\.m2\repository\org\apiguardian\apiguardian-api\1.1.2\apiguardian-api-1.1.2.jar;C:\Users\VladislavV\.m2\repository\org\seleniumhq\selenium\selenium-java\4.20.0\selenium-java-4.20.0.jar;C:\Users\VladislavV\.m2\repository\org\seleniumhq\selenium\selenium-api\4.20.0\selenium-api-4.20.0.jar;C:\Users\VladislavV\.m2\repository\org\seleniumhq\selenium\selenium-chrome-driver\4.20.0\selenium-chrome-driver-4.20.0.jar;C:\Users\VladislavV\.m2\repository\com\google\auto\service\auto-service-annotations\1.1.1\auto-service-annotations-1.1.1.jar;C:\Users\VladislavV\.m2\repository\org\seleniumhq\selenium\selenium-chromium-driver\4.20.0\selenium-chromium-driver-4.20.0.jar;C:\Users\VladislavV\.m2\repository\org\seleniumhq\selenium\selenium-json\4.20.0\selenium-json-4.20.0.jar;C:\Users\VladislavV\.m2\repository\org\seleniumhq\selenium\selenium-manager\4.20.0\selenium-manager-4.20.0.jar;C:\Users\VladislavV\.m2\repository\org\seleniumhq\selenium\selenium-devtools-v122\4.20.0\selenium-devtools-v122-4.20.0.jar;C:\Users\VladislavV\.m2\repository\org\seleniumhq\selenium\selenium-devtools-v123\4.20.0\selenium-devtools-v123-4.20.0.jar;C:\Users\VladislavV\.m2\repository\org\seleniumhq\selenium\selenium-devtools-v124\4.20.0\selenium-devtools-v124-4.20.0.jar;C:\Users\VladislavV\.m2\repository\org\seleniumhq\selenium\selenium-devtools-v85\4.20.0\selenium-devtools-v85-4.20.0.jar;C:\Users\VladislavV\.m2\repository\org\seleniumhq\selenium\selenium-edge-driver\4.20.0\selenium-edge-driver-4.20.0.jar;C:\Users\VladislavV\.m2\repository\org\seleniumhq\selenium\selenium-firefox-driver\4.20.0\selenium-firefox-driver-4.20.0.jar;C:\Users\VladislavV\.m2\repository\org\seleniumhq\selenium\selenium-http\4.20.0\selenium-http-4.20.0.jar;C:\Users\VladislavV\.m2\repository\dev\failsafe\failsafe\3.3.2\failsafe-3.3.2.jar;C:\Users\VladislavV\.m2\repository\org\seleniumhq\selenium\selenium-ie-driver\4.20.0\selenium-ie-driver-4.20.0.jar;C:\Users\VladislavV\.m2\repository\org\seleniumhq\selenium\selenium-remote-driver\4.20.0\selenium-remote-driver-4.20.0.jar;C:\Users\VladislavV\.m2\repository\io\opentelemetry\semconv\opentelemetry-semconv\1.25.0-alpha\opentelemetry-semconv-1.25.0-alpha.jar;C:\Users\VladislavV\.m2\repository\io\opentelemetry\opentelemetry-api\1.37.0\opentelemetry-api-1.37.0.jar;C:\Users\VladislavV\.m2\repository\io\opentelemetry\opentelemetry-context\1.37.0\opentelemetry-context-1.37.0.jar;C:\Users\VladislavV\.m2\repository\io\opentelemetry\opentelemetry-exporter-logging\1.37.0\opentelemetry-exporter-logging-1.37.0.jar;C:\Users\VladislavV\.m2\repository\io\opentelemetry\opentelemetry-sdk-common\1.37.0\opentelemetry-sdk-common-1.37.0.jar;C:\Users\VladislavV\.m2\repository\io\opentelemetry\opentelemetry-sdk-extension-autoconfigure-spi\1.37.0\opentelemetry-sdk-extension-autoconfigure-spi-1.37.0.jar;C:\Users\VladislavV\.m2\repository\io\opentelemetry\opentelemetry-sdk-extension-autoconfigure\1.37.0\opentelemetry-sdk-extension-autoconfigure-1.37.0.jar;C:\Users\VladislavV\.m2\repository\io\opentelemetry\opentelemetry-api-incubator\1.37.0-alpha\opentelemetry-api-incubator-1.37.0-alpha.jar;C:\Users\VladislavV\.m2\repository\io\opentelemetry\opentelemetry-sdk-trace\1.37.0\opentelemetry-sdk-trace-1.37.0.jar;C:\Users\VladislavV\.m2\repository\io\opentelemetry\opentelemetry-sdk\1.37.0\opentelemetry-sdk-1.37.0.jar;C:\Users\VladislavV\.m2\repository\io\opentelemetry\opentelemetry-sdk-metrics\1.37.0\opentelemetry-sdk-metrics-1.37.0.jar;C:\Users\VladislavV\.m2\repository\io\opentelemetry\opentelemetry-sdk-logs\1.37.0\opentelemetry-sdk-logs-1.37.0.jar;C:\Users\VladislavV\.m2\repository\net\bytebuddy\byte-buddy\1.14.14\byte-buddy-1.14.14.jar;C:\Users\VladislavV\.m2\repository\org\seleniumhq\selenium\selenium-os\4.20.0\selenium-os-4.20.0.jar;C:\Users\VladislavV\.m2\repository\org\apache\commons\commons-exec\1.4.0\commons-exec-1.4.0.jar;C:\Users\VladislavV\.m2\repository\org\seleniumhq\selenium\selenium-safari-driver\4.20.0\selenium-safari-driver-4.20.0.jar;C:\Users\VladislavV\.m2\repository\org\seleniumhq\selenium\selenium-support\4.20.0\selenium-support-4.20.0.jar;C:\Users\VladislavV\.m2\repository\org\junit\jupiter\junit-jupiter-params\5.10.2\junit-jupiter-params-5.10.2.jar;C:\Users\VladislavV\.m2\repository\org\junit\jupiter\junit-jupiter-engine\5.9.2\junit-jupiter-engine-5.9.2.jar;C:\Users\VladislavV\.m2\repository\org\junit\platform\junit-platform-engine\1.9.2\junit-platform-engine-1.9.2.jar;C:\Users\VladislavV\.m2\repository\org\apache\maven\plugins\maven-compiler-plugin\3.13.0\maven-compiler-plugin-3.13.0.jar;C:\Users\VladislavV\.m2\repository\org\apache\maven\shared\maven-shared-utils\3.4.2\maven-shared-utils-3.4.2.jar;C:\Users\VladislavV\.m2\repository\org\apache\maven\shared\maven-shared-incremental\1.1\maven-shared-incremental-1.1.jar;C:\Users\VladislavV\.m2\repository\org\codehaus\plexus\plexus-java\1.2.0\plexus-java-1.2.0.jar;C:\Users\VladislavV\.m2\repository\org\ow2\asm\asm\9.6\asm-9.6.jar;C:\Users\VladislavV\.m2\repository\com\thoughtworks\qdox\qdox\2.0.3\qdox-2.0.3.jar;C:\Users\VladislavV\.m2\repository\org\codehaus\plexus\plexus-compiler-api\2.15.0\plexus-compiler-api-2.15.0.jar;C:\Users\VladislavV\.m2\repository\org\codehaus\plexus\plexus-compiler-manager\2.15.0\plexus-compiler-manager-2.15.0.jar;C:\Users\VladislavV\.m2\repository\javax\inject\javax.inject\1\javax.inject-1.jar;C:\Users\VladislavV\.m2\repository\org\codehaus\plexus\plexus-xml\3.0.0\plexus-xml-3.0.0.jar;C:\Users\VladislavV\.m2\repository\org\codehaus\plexus\plexus-compiler-javac\2.15.0\plexus-compiler-javac-2.15.0.jar;C:\Users\VladislavV\.m2\repository\org\codehaus\plexus\plexus-utils\4.0.0\plexus-utils-4.0.0.jar;C:\Users\VladislavV\.m2\repository\com\codeborne\selenide\7.2.2\selenide-7.2.2.jar;C:\Users\VladislavV\.m2\repository\org\slf4j\slf4j-api\2.0.12\slf4j-api-2.0.12.jar;C:\Users\VladislavV\.m2\repository\com\codeborne\selenide-core\7.2.2\selenide-core-7.2.2.jar;C:\Users\VladislavV\.m2\repository\com\google\guava\guava\33.1.0-jre\guava-33.1.0-jre.jar;C:\Users\VladislavV\.m2\repository\com\google\guava\failureaccess\1.0.2\failureaccess-1.0.2.jar;C:\Users\VladislavV\.m2\repository\com\google\guava\listenablefuture\9999.0-empty-to-avoid-conflict-with-guava\listenablefuture-9999.0-empty-to-avoid-conflict-with-guava.jar;C:\Users\VladislavV\.m2\repository\com\google\code\findbugs\jsr305\3.0.2\jsr305-3.0.2.jar;C:\Users\VladislavV\.m2\repository\org\checkerframework\checker-qual\3.42.0\checker-qual-3.42.0.jar;C:\Users\VladislavV\.m2\repository\com\google\errorprone\error_prone_annotations\2.26.1\error_prone_annotations-2.26.1.jar;C:\Users\VladislavV\.m2\repository\com\google\j2objc\j2objc-annotations\3.0.0\j2objc-annotations-3.0.0.jar;C:\Users\VladislavV\.m2\repository\org\apache\commons\commons-lang3\3.14.0\commons-lang3-3.14.0.jar;C:\Users\VladislavV\.m2\repository\commons-io\commons-io\2.15.1\commons-io-2.15.1.jar;C:\Users\VladislavV\.m2\repository\org\apache\cassandra\cassandra-all\0.8.1\cassandra-all-0.8.1.jar;C:\Users\VladislavV\.m2\repository\commons-cli\commons-cli\1.1\commons-cli-1.1.jar;C:\Users\VladislavV\.m2\repository\commons-codec\commons-codec\1.2\commons-codec-1.2.jar;C:\Users\VladislavV\.m2\repository\commons-collections\commons-collections\3.2.1\commons-collections-3.2.1.jar;C:\Users\VladislavV\.m2\repository\commons-lang\commons-lang\2.4\commons-lang-2.4.jar;C:\Users\VladislavV\.m2\repository\com\googlecode\concurrentlinkedhashmap\concurrentlinkedhashmap-lru\1.1\concurrentlinkedhashmap-lru-1.1.jar;C:\Users\VladislavV\.m2\repository\org\antlr\antlr\3.2\antlr-3.2.jar;C:\Users\VladislavV\.m2\repository\org\antlr\antlr-runtime\3.2\antlr-runtime-3.2.jar;C:\Users\VladislavV\.m2\repository\org\antlr\stringtemplate\3.2\stringtemplate-3.2.jar;C:\Users\VladislavV\.m2\repository\antlr\antlr\2.7.7\antlr-2.7.7.jar;C:\Users\VladislavV\.m2\repository\org\apache\cassandra\deps\avro\1.4.0-cassandra-1\avro-1.4.0-cassandra-1.jar;C:\Users\VladislavV\.m2\repository\org\mortbay\jetty\jetty\6.1.22\jetty-6.1.22.jar;C:\Users\VladislavV\.m2\repository\org\mortbay\jetty\jetty-util\6.1.22\jetty-util-6.1.22.jar;C:\Users\VladislavV\.m2\repository\org\mortbay\jetty\servlet-api\2.5-20081211\servlet-api-2.5-20081211.jar;C:\Users\VladislavV\.m2\repository\org\codehaus\jackson\jackson-core-asl\1.4.0\jackson-core-asl-1.4.0.jar;C:\Users\VladislavV\.m2\repository\org\codehaus\jackson\jackson-mapper-asl\1.4.0\jackson-mapper-asl-1.4.0.jar;C:\Users\VladislavV\.m2\repository\jline\jline\0.9.94\jline-0.9.94.jar;C:\Users\VladislavV\.m2\repository\com\googlecode\json-simple\json-simple\1.1\json-simple-1.1.jar;C:\Users\VladislavV\.m2\repository\com\github\stephenc\high-scale-lib\high-scale-lib\1.1.2\high-scale-lib-1.1.2.jar;C:\Users\VladislavV\.m2\repository\org\yaml\snakeyaml\1.6\snakeyaml-1.6.jar;C:\Users\VladislavV\.m2\repository\org\apache\thrift\libthrift\0.6.1\libthrift-0.6.1.jar;C:\Users\VladislavV\.m2\repository\junit\junit\4.4\junit-4.4.jar;C:\Users\VladislavV\.m2\repository\javax\servlet\servlet-api\2.5\servlet-api-2.5.jar;C:\Users\VladislavV\.m2\repository\org\apache\httpcomponents\httpclient\4.0.1\httpclient-4.0.1.jar;C:\Users\VladislavV\.m2\repository\org\apache\httpcomponents\httpcore\4.0.1\httpcore-4.0.1.jar;C:\Users\VladislavV\.m2\repository\commons-logging\commons-logging\1.1.1\commons-logging-1.1.1.jar;C:\Users\VladislavV\.m2\repository\org\apache\cassandra\cassandra-thrift\0.8.1\cassandra-thrift-0.8.1.jar;C:\Users\VladislavV\.m2\repository\com\github\stephenc\jamm\0.2.2\jamm-0.2.2.jar;C:\Users\VladislavV\.m2\repository\org\assertj\assertj-core\3.14.0\assertj-core-3.14.0.jar;C:\Users\VladislavV\.m2\repository\io\github\bonigarcia\webdrivermanager\5.6.0\webdrivermanager-5.6.0.jar;C:\Users\VladislavV\.m2\repository\com\google\code\gson\gson\2.10.1\gson-2.10.1.jar;C:\Users\VladislavV\.m2\repository\com\github\docker-java\docker-java\3.3.3\docker-java-3.3.3.jar;C:\Users\VladislavV\.m2\repository\com\github\docker-java\docker-java-core\3.3.3\docker-java-core-3.3.3.jar;C:\Users\VladislavV\.m2\repository\com\github\docker-java\docker-java-api\3.3.3\docker-java-api-3.3.3.jar;C:\Users\VladislavV\.m2\repository\com\fasterxml\jackson\core\jackson-annotations\2.10.3\jackson-annotations-2.10.3.jar;C:\Users\VladislavV\.m2\repository\com\fasterxml\jackson\core\jackson-databind\2.10.3\jackson-databind-2.10.3.jar;C:\Users\VladislavV\.m2\repository\com\fasterxml\jackson\core\jackson-core\2.10.3\jackson-core-2.10.3.jar;C:\Users\VladislavV\.m2\repository\org\bouncycastle\bcpkix-jdk18on\1.75\bcpkix-jdk18on-1.75.jar;C:\Users\VladislavV\.m2\repository\org\bouncycastle\bcprov-jdk18on\1.75\bcprov-jdk18on-1.75.jar;C:\Users\VladislavV\.m2\repository\org\bouncycastle\bcutil-jdk18on\1.75\bcutil-jdk18on-1.75.jar;C:\Users\VladislavV\.m2\repository\org\slf4j\jcl-over-slf4j\1.7.30\jcl-over-slf4j-1.7.30.jar;C:\Users\VladislavV\.m2\repository\com\github\docker-java\docker-java-transport-httpclient5\3.3.3\docker-java-transport-httpclient5-3.3.3.jar;C:\Users\VladislavV\.m2\repository\com\github\docker-java\docker-java-transport\3.3.3\docker-java-transport-3.3.3.jar;C:\Users\VladislavV\.m2\repository\net\java\dev\jna\jna\5.12.1\jna-5.12.1.jar;C:\Users\VladislavV\.m2\repository\org\brotli\dec\0.1.2\dec-0.1.2.jar;C:\Users\VladislavV\.m2\repository\org\apache\commons\commons-compress\1.24.0\commons-compress-1.24.0.jar;C:\Users\VladislavV\.m2\repository\org\apache\httpcomponents\client5\httpclient5\5.2.1\httpclient5-5.2.1.jar;C:\Users\VladislavV\.m2\repository\org\apache\httpcomponents\core5\httpcore5\5.2\httpcore5-5.2.jar;C:\Users\VladislavV\.m2\repository\org\apache\httpcomponents\core5\httpcore5-h2\5.2\httpcore5-h2-5.2.jar;C:\Users\VladislavV\.m2\repository\org\testng\testng\7.10.2\testng-7.10.2.jar;C:\Users\VladislavV\.m2\repository\com\beust\jcommander\1.82\jcommander-1.82.jar;C:\Users\VladislavV\.m2\repository\org\webjars\jquery\3.7.1\jquery-3.7.1.jar
Launcher Type: SUN_STANDARD

[Global flags]
     intx CICompilerCount                          = 3                                         {product} {ergonomic}
     uint ConcGCThreads                            = 1                                         {product} {ergonomic}
     uint G1ConcRefinementThreads                  = 4                                         {product} {ergonomic}
   size_t G1HeapRegionSize                         = 2097152                                   {product} {ergonomic}
   size_t InitialHeapSize                          = 268435456                                 {product} {ergonomic}
   size_t MarkStackSize                            = 4194304                                   {product} {ergonomic}
   size_t MaxHeapSize                              = 4280287232                                {product} {ergonomic}
   size_t MaxNewSize                               = 2566914048                                {product} {ergonomic}
   size_t MinHeapDeltaBytes                        = 2097152                                   {product} {ergonomic}
   size_t MinHeapSize                              = 8388608                                   {product} {ergonomic}
    uintx NonNMethodCodeHeapSize                   = 5832780                                {pd product} {ergonomic}
    uintx NonProfiledCodeHeapSize                  = 122912730                              {pd product} {ergonomic}
    uintx ProfiledCodeHeapSize                     = 122912730                              {pd product} {ergonomic}
    uintx ReservedCodeCacheSize                    = 251658240                              {pd product} {ergonomic}
     bool SegmentedCodeCache                       = true                                      {product} {ergonomic}
   size_t SoftMaxHeapSize                          = 4280287232                             {manageable} {ergonomic}
     bool UseCompressedOops                        = true                           {product lp64_product} {ergonomic}
     bool UseG1GC                                  = true                                      {product} {ergonomic}
     bool UseLargePagesIndividualAllocation        = false                                  {pd product} {ergonomic}

Logging:
Log output configuration:
 #0: stdout all=warning uptime,level,tags foldmultilines=false
 #1: stderr all=off uptime,level,tags foldmultilines=false

Environment Variables:
JAVA_HOME=C:\Program Files\Java\jdk-22
PATH=C:\Python312\Scripts\;C:\Python312\;C:\Windows\system32;C:\Windows;C:\Windows\System32\Wbem;C:\Windows\System32\WindowsPowerShell\v1.0\;C:\Program Files (x86)\NVIDIA Corporation\PhysX\Common;C:\WINDOWS\system32;C:\WINDOWS;C:\WINDOWS\System32\Wbem;C:\WINDOWS\System32\WindowsPowerShell\v1.0\;C:\WINDOWS\System32\OpenSSH\;C:\Program Files\cURL\bin;C:\Users\VladislavV\adb\platform-tools;C:\Program Files\NVIDIA Corporation\NVIDIA NvDLISR;C:\webdrivers;C:\ProgramData\chocolatey\bin;C:\Program Files\Git\cmd;C:\Program Files\nodejs\;E:\IntelliJ IDEA Community Edition 2023.3.5\bin;C:\apache-maven-3.9.6\bin;C:\Users\VladislavV\AppData\Local\Microsoft\WindowsApps;E:\IntelliJ IDEA 2023.3.4\bin;;E:\IntelliJ IDEA Community Edition 2023.3.5\bin;;C:\Users\VladislavV\AppData\Local\GitHubDesktop\bin;E:\Microsoft VS Code\bin;C:\Users\VladislavV\AppData\Roaming\npm
USERNAME=VladislavV
OS=Windows_NT
PROCESSOR_IDENTIFIER=Intel64 Family 6 Model 158 Stepping 11, GenuineIntel
TMP=C:\Users\VLADIS~1\AppData\Local\Temp
TEMP=C:\Users\VLADIS~1\AppData\Local\Temp




Periodic native trim disabled

---------------  S Y S T E M  ---------------

OS:
 Windows 10 , 64 bit Build 19041 (10.0.19041.3636)
OS uptime: 0 days 11:12 hours
Hyper-V role detected

CPU: total 4 (initial active 4) (4 cores per cpu, 1 threads per core) family 6 model 158 stepping 11 microcode 0xb4, cx8, cmov, fxsr, mmx, 3dnowpref, sse, sse2, sse3, ssse3, sse4.1, sse4.2, popcnt, lzcnt, tsc, tscinvbit, avx, avx2, aes, erms, clmul, bmi1, bmi2, adx, fma, vzeroupper, clflush, clflushopt, hv, rdtscp, f16c
Processor Information for all 4 processors :
  Max Mhz: 3600, Current Mhz: 3600, Mhz Limit: 3600

Memory: 4k page, system-wide physical 16326M (4570M free)
TotalPageFile size 18374M (AvailPageFile size 5M)
current process WorkingSet (physical memory assigned to process): 99M, peak: 99M
current process commit charge ("private bytes"): 367M, peak: 367M

vm_info: OpenJDK 64-Bit Server VM (22.0.1+8-16) for windows-amd64 JRE (22.0.1+8-16), built on 2024-03-12T10:33:16Z by "mach5one" with MS VC++ 17.6 (VS2022)

END.
